#
# There is insufficient memory for the Java Runtime Environment to continue.
# Native memory allocation (malloc) failed to allocate 1297536 bytes for Chunk::new
# Possible reasons:
#   The system is out of physical RAM or swap space
#   In 32 bit mode, the process size limit was hit
# Possible solutions:
#   Reduce memory load on the system
#   Increase physical memory or swap space
#   Check if swap backing store is full
#   Use 64 bit Java on a 64 bit OS
#   Decrease Java heap size (-Xmx/-Xms)
#   Decrease number of Java threads
#   Decrease Java thread stack sizes (-Xss)
#   Set larger code cache with -XX:ReservedCodeCacheSize=
# This output file may be truncated or incomplete.
#
#  Out of Memory Error (allocation.cpp:323), pid=27064, tid=15088
#
# JRE version: Java(TM) SE Runtime Environment (7.0_51-b13) (build 1.7.0_51-b13)
# Java VM: Java HotSpot(TM) 64-Bit Server VM (24.51-b03 mixed mode windows-amd64 compressed oops)
# Failed to write core dump. Minidumps are not enabled by default on client versions of Windows
#

---------------  T H R E A D  ---------------

Current thread (0x0000000007da5800):  JavaThread "C2 CompilerThread1" daemon [_thread_in_native, id=15088, stack(0x0000000009420000,0x0000000009520000)]

Stack: [0x0000000009420000,0x0000000009520000]

Current CompileTask:
C2:   2596  381             com.android.dx.ssa.DeadCodeRemover::run (194 bytes)


---------------  P R O C E S S  ---------------

Java Threads: ( => current thread )
  0x000000000998b000 JavaThread "pool-1-thread-4" [_thread_in_Java, id=34712, stack(0x0000000009f20000,0x000000000a020000)]
  0x000000000997d800 JavaThread "pool-1-thread-3" [_thread_in_vm, id=11284, stack(0x0000000009e20000,0x0000000009f20000)]
  0x000000000997c800 JavaThread "pool-1-thread-2" [_thread_blocked, id=42588, stack(0x0000000009d20000,0x0000000009e20000)]
  0x00000000098c5800 JavaThread "pool-2-thread-1" [_thread_blocked, id=22440, stack(0x0000000009c20000,0x0000000009d20000)]
  0x00000000098c5000 JavaThread "pool-1-thread-1" [_thread_in_vm, id=22676, stack(0x0000000009b20000,0x0000000009c20000)]
  0x0000000007db7800 JavaThread "Service Thread" daemon [_thread_blocked, id=17476, stack(0x0000000009520000,0x0000000009620000)]
=>0x0000000007da5800 JavaThread "C2 CompilerThread1" daemon [_thread_in_native, id=15088, stack(0x0000000009420000,0x0000000009520000)]
  0x0000000007da3800 JavaThread "C2 CompilerThread0" daemon [_thread_in_native, id=16556, stack(0x0000000009320000,0x0000000009420000)]
  0x0000000007da2800 JavaThread "Attach Listener" daemon [_thread_blocked, id=21736, stack(0x0000000009220000,0x0000000009320000)]
  0x0000000007d9f800 JavaThread "Signal Dispatcher" daemon [_thread_blocked, id=17888, stack(0x0000000009120000,0x0000000009220000)]
  0x0000000007d68800 JavaThread "Finalizer" daemon [_thread_blocked, id=11784, stack(0x0000000009020000,0x0000000009120000)]
  0x0000000007d63000 JavaThread "Reference Handler" daemon [_thread_blocked, id=23040, stack(0x0000000008f20000,0x0000000009020000)]
  0x0000000001e10800 JavaThread "main" [_thread_blocked, id=12576, stack(0x0000000001c40000,0x0000000001d40000)]

Other Threads:
  0x0000000007d61000 VMThread [stack: 0x0000000008e20000,0x0000000008f20000] [id=29048]
  0x0000000007dc2800 WatcherThread [stack: 0x0000000009620000,0x0000000009720000] [id=36076]

VM state:not at safepoint (normal execution)

VM Mutex/Monitor currently owned by a thread: None

Heap
 PSYoungGen      total 35328K, used 7395K [0x00000000eaa80000, 0x00000000ecf80000, 0x0000000100000000)
  eden space 32768K, 14% used [0x00000000eaa80000,0x00000000eaf39f40,0x00000000eca80000)
  from space 2560K, 99% used [0x00000000eca80000,0x00000000eccfef80,0x00000000ecd00000)
  to   space 2560K, 0% used [0x00000000ecd00000,0x00000000ecd00000,0x00000000ecf80000)
 ParOldGen       total 42496K, used 12802K [0x00000000c0000000, 0x00000000c2980000, 0x00000000eaa80000)
  object space 42496K, 30% used [0x00000000c0000000,0x00000000c0c808a0,0x00000000c2980000)
 PSPermGen       total 21504K, used 5895K [0x00000000bae00000, 0x00000000bc300000, 0x00000000c0000000)
  object space 21504K, 27% used [0x00000000bae00000,0x00000000bb3c1ef8,0x00000000bc300000)

Card table byte_map: [0x0000000004fd0000,0x0000000005200000] byte_map_base: 0x00000000049f9000

Polling page: 0x0000000001d40000

Code Cache  [0x0000000001f10000, 0x0000000002180000, 0x0000000004f10000)
 total_blobs=626 nmethods=389 adapters=189 free_code_cache=47613Kb largest_free_block=48720768

Compilation events (10 events):
Event: 2.515 Thread 0x0000000007da3800 nmethod 387 0x0000000002095450 code [0x00000000020955c0, 0x0000000002096018]
Event: 2.515 Thread 0x0000000007da3800  388             com.android.dx.ssa.SsaBasicBlock::getPhiInsns (13 bytes)
Event: 2.520 Thread 0x0000000007da3800 nmethod 388 0x0000000002098dd0 code [0x0000000002098f40, 0x0000000002099218]
Event: 2.520 Thread 0x0000000007da3800  389             java.util.Collections::unmodifiableList (27 bytes)
Event: 2.522 Thread 0x0000000007da3800 nmethod 389 0x0000000002095090 code [0x00000000020951e0, 0x00000000020952d8]
Event: 2.522 Thread 0x0000000007da3800  390             java.util.Collections$UnmodifiableRandomAccessList::<init> (6 bytes)
Event: 2.523 Thread 0x0000000007da3800 nmethod 390 0x0000000002097310 code [0x0000000002097440, 0x00000000020974d8]
Event: 2.523 Thread 0x0000000007da3800  391             java.util.Collections$UnmodifiableList::<init> (11 bytes)
Event: 2.523 Thread 0x0000000007da3800 nmethod 391 0x000000000208a750 code [0x000000000208a880, 0x000000000208a918]
Event: 2.523 Thread 0x0000000007da3800  392             com.android.dx.ssa.DeadCodeRemover::isCircularNoSideEffect (140 bytes)

GC Heap History (10 events):
Event: 0.412 GC heap before
{Heap before GC invocations=1 (full 0):
 PSYoungGen      total 18944K, used 16384K [0x00000000eaa80000, 0x00000000ebf80000, 0x0000000100000000)
  eden space 16384K, 100% used [0x00000000eaa80000,0x00000000eba80000,0x00000000eba80000)
  from space 2560K, 0% used [0x00000000ebd00000,0x00000000ebd00000,0x00000000ebf80000)
  to   space 2560K, 0% used [0x00000000eba80000,0x00000000eba80000,0x00000000ebd00000)
 ParOldGen       total 42496K, used 0K [0x00000000c0000000, 0x00000000c2980000, 0x00000000eaa80000)
  object space 42496K, 0% used [0x00000000c0000000,0x00000000c0000000,0x00000000c2980000)
 PSPermGen       total 21504K, used 4162K [0x00000000bae00000, 0x00000000bc300000, 0x00000000c0000000)
  object space 21504K, 19% used [0x00000000bae00000,0x00000000bb2109c8,0x00000000bc300000)
Event: 0.416 GC heap after
Heap after GC invocations=1 (full 0):
 PSYoungGen      total 18944K, used 1625K [0x00000000eaa80000, 0x00000000ebf80000, 0x0000000100000000)
  eden space 16384K, 0% used [0x00000000eaa80000,0x00000000eaa80000,0x00000000eba80000)
  from space 2560K, 63% used [0x00000000eba80000,0x00000000ebc16440,0x00000000ebd00000)
  to   space 2560K, 0% used [0x00000000ebd00000,0x00000000ebd00000,0x00000000ebf80000)
 ParOldGen       total 42496K, used 8K [0x00000000c0000000, 0x00000000c2980000, 0x00000000eaa80000)
  object space 42496K, 0% used [0x00000000c0000000,0x00000000c0002000,0x00000000c2980000)
 PSPermGen       total 21504K, used 4162K [0x00000000bae00000, 0x00000000bc300000, 0x00000000c0000000)
  object space 21504K, 19% used [0x00000000bae00000,0x00000000bb2109c8,0x00000000bc300000)
}
Event: 0.875 GC heap before
{Heap before GC invocations=2 (full 0):
 PSYoungGen      total 18944K, used 18009K [0x00000000eaa80000, 0x00000000ebf80000, 0x0000000100000000)
  eden space 16384K, 100% used [0x00000000eaa80000,0x00000000eba80000,0x00000000eba80000)
  from space 2560K, 63% used [0x00000000eba80000,0x00000000ebc16440,0x00000000ebd00000)
  to   space 2560K, 0% used [0x00000000ebd00000,0x00000000ebd00000,0x00000000ebf80000)
 ParOldGen       total 42496K, used 8K [0x00000000c0000000, 0x00000000c2980000, 0x00000000eaa80000)
  object space 42496K, 0% used [0x00000000c0000000,0x00000000c0002000,0x00000000c2980000)
 PSPermGen       total 21504K, used 5674K [0x00000000bae00000, 0x00000000bc300000, 0x00000000c0000000)
  object space 21504K, 26% used [0x00000000bae00000,0x00000000bb38a9e0,0x00000000bc300000)
Event: 0.892 GC heap after
Heap after GC invocations=2 (full 0):
 PSYoungGen      total 18944K, used 2540K [0x00000000eaa80000, 0x00000000ecf80000, 0x0000000100000000)
  eden space 16384K, 0% used [0x00000000eaa80000,0x00000000eaa80000,0x00000000eba80000)
  from space 2560K, 99% used [0x00000000ebd00000,0x00000000ebf7b160,0x00000000ebf80000)
  to   space 2560K, 0% used [0x00000000eba80000,0x00000000eba80000,0x00000000ebd00000)
 ParOldGen       total 42496K, used 2481K [0x00000000c0000000, 0x00000000c2980000, 0x00000000eaa80000)
  object space 42496K, 5% used [0x00000000c0000000,0x00000000c026c4e8,0x00000000c2980000)
 PSPermGen       total 21504K, used 5674K [0x00000000bae00000, 0x00000000bc300000, 0x00000000c0000000)
  object space 21504K, 26% used [0x00000000bae00000,0x00000000bb38a9e0,0x00000000bc300000)
}
Event: 1.336 GC heap before
{Heap before GC invocations=3 (full 0):
 PSYoungGen      total 18944K, used 18924K [0x00000000eaa80000, 0x00000000ecf80000, 0x0000000100000000)
  eden space 16384K, 100% used [0x00000000eaa80000,0x00000000eba80000,0x00000000eba80000)
  from space 2560K, 99% used [0x00000000ebd00000,0x00000000ebf7b160,0x00000000ebf80000)
  to   space 2560K, 0% used [0x00000000eba80000,0x00000000eba80000,0x00000000ebd00000)
 ParOldGen       total 42496K, used 2481K [0x00000000c0000000, 0x00000000c2980000, 0x00000000eaa80000)
  object space 42496K, 5% used [0x00000000c0000000,0x00000000c026c4e8,0x00000000c2980000)
 PSPermGen       total 21504K, used 5810K [0x00000000bae00000, 0x00000000bc300000, 0x00000000c0000000)
  object space 21504K, 27% used [0x00000000bae00000,0x00000000bb3acad0,0x00000000bc300000)
Event: 1.349 GC heap after
Heap after GC invocations=3 (full 0):
 PSYoungGen      total 18944K, used 2558K [0x00000000eaa80000, 0x00000000ecf80000, 0x0000000100000000)
  eden space 16384K, 0% used [0x00000000eaa80000,0x00000000eaa80000,0x00000000eba80000)
  from space 2560K, 99% used [0x00000000eba80000,0x00000000ebcff8c8,0x00000000ebd00000)
  to   space 2560K, 0% used [0x00000000ecd00000,0x00000000ecd00000,0x00000000ecf80000)
 ParOldGen       total 42496K, used 5174K [0x00000000c0000000, 0x00000000c2980000, 0x00000000eaa80000)
  object space 42496K, 12% used [0x00000000c0000000,0x00000000c050d988,0x00000000c2980000)
 PSPermGen       total 21504K, used 5810K [0x00000000bae00000, 0x00000000bc300000, 0x00000000c0000000)
  object space 21504K, 27% used [0x00000000bae00000,0x00000000bb3acad0,0x00000000bc300000)
}
Event: 1.689 GC heap before
{Heap before GC invocations=4 (full 0):
 PSYoungGen      total 18944K, used 18942K [0x00000000eaa80000, 0x00000000ecf80000, 0x0000000100000000)
  eden space 16384K, 100% used [0x00000000eaa80000,0x00000000eba80000,0x00000000eba80000)
  from space 2560K, 99% used [0x00000000eba80000,0x00000000ebcff8c8,0x00000000ebd00000)
  to   space 2560K, 0% used [0x00000000ecd00000,0x00000000ecd00000,0x00000000ecf80000)
 ParOldGen       total 42496K, used 5174K [0x00000000c0000000, 0x00000000c2980000, 0x00000000eaa80000)
  object space 42496K, 12% used [0x00000000c0000000,0x00000000c050d988,0x00000000c2980000)
 PSPermGen       total 21504K, used 5848K [0x00000000bae00000, 0x00000000bc300000, 0x00000000c0000000)
  object space 21504K, 27% used [0x00000000bae00000,0x00000000bb3b6330,0x00000000bc300000)
Event: 1.710 GC heap after
Heap after GC invocations=4 (full 0):
 PSYoungGen      total 35328K, used 2558K [0x00000000eaa80000, 0x00000000ecf80000, 0x0000000100000000)
  eden space 32768K, 0% used [0x00000000eaa80000,0x00000000eaa80000,0x00000000eca80000)
  from space 2560K, 99% used [0x00000000ecd00000,0x00000000ecf7f8c8,0x00000000ecf80000)
  to   space 2560K, 0% used [0x00000000eca80000,0x00000000eca80000,0x00000000ecd00000)
 ParOldGen       total 42496K, used 7829K [0x00000000c0000000, 0x00000000c2980000, 0x00000000eaa80000)
  object space 42496K, 18% used [0x00000000c0000000,0x00000000c07a5548,0x00000000c2980000)
 PSPermGen       total 21504K, used 5848K [0x00000000bae00000, 0x00000000bc300000, 0x00000000c0000000)
  object space 21504K, 27% used [0x00000000bae00000,0x00000000bb3b6330,0x00000000bc300000)
}
Event: 2.492 GC heap before
{Heap before GC invocations=5 (full 0):
 PSYoungGen      total 35328K, used 35326K [0x00000000eaa80000, 0x00000000ecf80000, 0x0000000100000000)
  eden space 32768K, 100% used [0x00000000eaa80000,0x00000000eca80000,0x00000000eca80000)
  from space 2560K, 99% used [0x00000000ecd00000,0x00000000ecf7f8c8,0x00000000ecf80000)
  to   space 2560K, 0% used [0x00000000eca80000,0x00000000eca80000,0x00000000ecd00000)
 ParOldGen       total 42496K, used 7829K [0x00000000c0000000, 0x00000000c2980000, 0x00000000eaa80000)
  object space 42496K, 18% used [0x00000000c0000000,0x00000000c07a5548,0x00000000c2980000)
 PSPermGen       total 21504K, used 5888K [0x00000000bae00000, 0x00000000bc300000, 0x00000000c0000000)
  object space 21504K, 27% used [0x00000000bae00000,0x00000000bb3c03c8,0x00000000bc300000)
Event: 2.514 GC heap after
Heap after GC invocations=5 (full 0):
 PSYoungGen      total 35328K, used 2555K [0x00000000eaa80000, 0x00000000ecf80000, 0x0000000100000000)
  eden space 32768K, 0% used [0x00000000eaa80000,0x00000000eaa80000,0x00000000eca80000)
  from space 2560K, 99% used [0x00000000eca80000,0x00000000eccfef80,0x00000000ecd00000)
  to   space 2560K, 0% used [0x00000000ecd00000,0x00000000ecd00000,0x00000000ecf80000)
 ParOldGen       total 42496K, used 12802K [0x00000000c0000000, 0x00000000c2980000, 0x00000000eaa80000)
  object space 42496K, 30% used [0x00000000c0000000,0x00000000c0c808a0,0x00000000c2980000)
 PSPermGen       total 21504K, used 5888K [0x00000000bae00000, 0x00000000bc300000, 0x00000000c0000000)
  object space 21504K, 27% used [0x00000000bae00000,0x00000000bb3c03c8,0x00000000bc300000)
}

Deoptimization events (10 events):
Event: 1.819 Thread 0x000000000997d800 Uncommon trap: reason=unreached action=reinterpret pc=0x0000000002025a80 method=com.android.dx.cf.code.Ropper.processBlock(Lcom/android/dx/cf/code/ByteBlock;Lcom/android/dx/cf/code/Frame;[I)V @ 513
Event: 1.867 Thread 0x000000000997d800 Uncommon trap: reason=unreached action=reinterpret pc=0x0000000001ff2400 method=com.android.dx.ssa.LocalVariableExtractor.processBlock(I)V @ 251
Event: 1.972 Thread 0x0000000001e10800 Uncommon trap: reason=unreached action=reinterpret pc=0x0000000001fe8eb0 method=com.android.dx.ssa.SCCP.simulateBranch(Lcom/android/dx/ssa/SsaInsn;)V @ 132
Event: 2.146 Thread 0x000000000998b000 Uncommon trap: reason=class_check action=maybe_recompile pc=0x0000000001fe3c30 method=java.util.HashMap.put(Ljava/lang/Object;Ljava/lang/Object;)Ljava/lang/Object; @ 83
Event: 2.146 Thread 0x000000000998b000 Uncommon trap: reason=class_check action=maybe_recompile pc=0x0000000001fe3c30 method=java.util.HashMap.put(Ljava/lang/Object;Ljava/lang/Object;)Ljava/lang/Object; @ 83
Event: 2.146 Thread 0x000000000998b000 Uncommon trap: reason=class_check action=maybe_recompile pc=0x0000000001fe3c30 method=java.util.HashMap.put(Ljava/lang/Object;Ljava/lang/Object;)Ljava/lang/Object; @ 83
Event: 2.146 Thread 0x000000000998b000 Uncommon trap: reason=class_check action=maybe_recompile pc=0x0000000001fe3c30 method=java.util.HashMap.put(Ljava/lang/Object;Ljava/lang/Object;)Ljava/lang/Object; @ 83
Event: 2.275 Thread 0x000000000998b000 Uncommon trap: reason=unreached action=reinterpret pc=0x000000000203aea8 method=com.android.dx.ssa.SsaRenamer$BlockRenamer.process()V @ 90
Event: 2.302 Thread 0x000000000997d800 Uncommon trap: reason=unreached action=reinterpret pc=0x000000000203aea8 method=com.android.dx.ssa.SsaRenamer$BlockRenamer.process()V @ 90
Event: 2.381 Thread 0x000000000997d800 Uncommon trap: reason=unreached action=reinterpret pc=0x000000000202de38 method=com.android.dx.ssa.SsaRenamer$BlockRenamer.process()V @ 90

Internal exceptions (10 events):
Event: 0.659 Thread 0x000000000997c800 Threw 0x00000000eb343650 at C:\re\jdk7u51\527\hotspot\src\share\vm\prims\jvm.cpp:1244
Event: 0.734 Thread 0x000000000997d800 Implicit null exception at 0x0000000001f9554f to 0x0000000001f95861
Event: 0.770 Thread 0x000000000997c800 Threw 0x00000000eb5fee80 at C:\re\jdk7u51\527\hotspot\src\share\vm\prims\jvm.cpp:1244
Event: 0.908 Thread 0x0000000001e10800 Implicit null exception at 0x0000000001fb4f6b to 0x0000000001fb564d
Event: 0.970 Thread 0x00000000098c5000 Threw 0x00000000eadc5b90 at C:\re\jdk7u51\527\hotspot\src\share\vm\prims\jvm.cpp:1244
Event: 1.030 Thread 0x000000000997d800 Implicit null exception at 0x0000000001fc1402 to 0x0000000001fc253d
Event: 1.294 Thread 0x0000000001e10800 Implicit null exception at 0x0000000001fd2d6c to 0x0000000001fd4175
Event: 1.671 Thread 0x0000000001e10800 Threw 0x00000000eba3f180 at C:\re\jdk7u51\527\hotspot\src\share\vm\prims\jvm.cpp:1244
Event: 1.972 Thread 0x0000000001e10800 Threw 0x00000000eaac1330 at C:\re\jdk7u51\527\hotspot\src\share\vm\prims\jvm.cpp:1244
Event: 2.303 Thread 0x000000000997d800 Threw 0x00000000ec1bcf58 at C:\re\jdk7u51\527\hotspot\src\share\vm\prims\jvm.cpp:1244

Events (10 events):
Event: 2.302 Thread 0x000000000997d800 DEOPT PACKING pc=0x000000000203aea8 sp=0x0000000009f1ec30
Event: 2.302 Thread 0x000000000997d800 DEOPT UNPACKING pc=0x0000000001f475a4 sp=0x0000000009f1eb68 mode 2
Event: 2.303 loading class 0x00000000098ada50
Event: 2.303 loading class 0x00000000098ada50 done
Event: 2.381 Thread 0x000000000997d800 Uncommon trap: trap_request=0xffffffad fr.pc=0x000000000202de38
Event: 2.381 Thread 0x000000000997d800 DEOPT PACKING pc=0x000000000202de38 sp=0x0000000009f1eaf0
Event: 2.381 Thread 0x000000000997d800 DEOPT UNPACKING pc=0x0000000001f475a4 sp=0x0000000009f1ead8 mode 2
Event: 2.490 Executing VM operation: ParallelGCFailedAllocation
Event: 2.514 Executing VM operation: ParallelGCFailedAllocation done
Event: 2.523 Thread 0x0000000007da3800 flushing nmethod 0x0000000001f951d0


Dynamic libraries:
0x00007ff7100d0000 - 0x00007ff710103000 	C:\Program Files\Java\jdk1.7.0_51\bin\java.exe
0x00007ffe859f0000 - 0x00007ffe85b9a000 	C:\WINDOWS\SYSTEM32\ntdll.dll
0x00007ffe82170000 - 0x00007ffe822aa000 	C:\WINDOWS\system32\KERNEL32.DLL
0x00007ffe6b680000 - 0x00007ffe6b6b2000 	C:\Program Files (x86)\AVG\Av\avghooka.dll
0x00007ffe81b10000 - 0x00007ffe81c1f000 	C:\WINDOWS\system32\KERNELBASE.dll
0x00007ffe80670000 - 0x00007ffe806f8000 	C:\WINDOWS\system32\apphelp.dll
0x00007ffe745d0000 - 0x00007ffe7461f000 	C:\WINDOWS\AppPatch\AppPatch64\AcGenral.DLL
0x00007ffe842e0000 - 0x00007ffe84387000 	C:\WINDOWS\system32\msvcrt.dll
0x00007ffe81880000 - 0x00007ffe818ab000 	C:\WINDOWS\SYSTEM32\SspiCli.dll
0x00007ffe83f10000 - 0x00007ffe83f61000 	C:\WINDOWS\system32\SHLWAPI.dll
0x00007ffe83f80000 - 0x00007ffe840f1000 	C:\WINDOWS\system32\USER32.dll
0x00007ffe843a0000 - 0x00007ffe84518000 	C:\WINDOWS\system32\ole32.dll
0x00007ffe82740000 - 0x00007ffe83b60000 	C:\WINDOWS\system32\SHELL32.dll
0x00007ffe81050000 - 0x00007ffe8106e000 	C:\WINDOWS\SYSTEM32\USERENV.dll
0x00007ffe82690000 - 0x00007ffe82735000 	C:\WINDOWS\system32\ADVAPI32.dll
0x00007ffe75bd0000 - 0x00007ffe75beb000 	C:\WINDOWS\SYSTEM32\MPR.dll
0x00007ffe84520000 - 0x00007ffe84657000 	C:\WINDOWS\system32\RPCRT4.dll
0x00007ffe84670000 - 0x00007ffe846c7000 	C:\WINDOWS\SYSTEM32\sechost.dll
0x00007ffe83c30000 - 0x00007ffe83e06000 	C:\WINDOWS\SYSTEM32\combase.dll
0x00007ffe82490000 - 0x00007ffe825d4000 	C:\WINDOWS\system32\GDI32.dll
0x00007ffe81a40000 - 0x00007ffe81a54000 	C:\WINDOWS\SYSTEM32\profapi.dll
0x00007ffe800a0000 - 0x00007ffe8013f000 	C:\WINDOWS\SYSTEM32\SHCORE.dll
0x00007ffe82450000 - 0x00007ffe82484000 	C:\WINDOWS\system32\IMM32.DLL
0x00007ffe82010000 - 0x00007ffe82149000 	C:\WINDOWS\system32\MSCTF.dll
0x00007ffe7f830000 - 0x00007ffe7fa8a000 	C:\WINDOWS\WinSxS\amd64_microsoft.windows.common-controls_6595b64144ccf1df_6.0.9600.17031_none_6242a4b3ecbb55a1\COMCTL32.dll
0x0000000062350000 - 0x0000000062422000 	C:\Program Files\Java\jdk1.7.0_51\jre\bin\msvcr100.dll
0x00000000627e0000 - 0x0000000062fa9000 	C:\Program Files\Java\jdk1.7.0_51\jre\bin\server\jvm.dll
0x00007ffe7b250000 - 0x00007ffe7b259000 	C:\WINDOWS\SYSTEM32\WSOCK32.dll
0x00007ffe7a420000 - 0x00007ffe7a43f000 	C:\WINDOWS\SYSTEM32\WINMM.dll
0x00007ffe83bc0000 - 0x00007ffe83bc7000 	C:\WINDOWS\system32\PSAPI.DLL
0x00007ffe83b60000 - 0x00007ffe83bb8000 	C:\WINDOWS\system32\WS2_32.dll
0x00007ffe7a3f0000 - 0x00007ffe7a41a000 	C:\WINDOWS\SYSTEM32\WINMMBASE.dll
0x00007ffe83f70000 - 0x00007ffe83f79000 	C:\WINDOWS\system32\NSI.dll
0x00007ffe81cd0000 - 0x00007ffe81d1a000 	C:\WINDOWS\SYSTEM32\cfgmgr32.dll
0x00007ffe808d0000 - 0x00007ffe808f6000 	C:\WINDOWS\SYSTEM32\DEVOBJ.dll
0x00000000627d0000 - 0x00000000627df000 	C:\Program Files\Java\jdk1.7.0_51\jre\bin\verify.dll
0x00000000627a0000 - 0x00000000627c8000 	C:\Program Files\Java\jdk1.7.0_51\jre\bin\java.dll
0x0000000062780000 - 0x0000000062795000 	C:\Program Files\Java\jdk1.7.0_51\jre\bin\zip.dll
0x0000000062760000 - 0x0000000062779000 	C:\Program Files\Java\jdk1.7.0_51\jre\bin\net.dll
0x00007ffe812a0000 - 0x00007ffe812f8000 	C:\WINDOWS\system32\mswsock.dll
0x0000000062740000 - 0x0000000062751000 	C:\Program Files\Java\jdk1.7.0_51\jre\bin\nio.dll

VM Arguments:
jvm_args: -Xmx1024M -Dfile.encoding=windows-1252 -Duser.country=US -Duser.language=en -Duser.variant 
java_command: com.android.dx.command.Main --dex --num-threads=4 --output E:\Show NearBy Places\app\build\intermediates\pre-dexed\debug\classes-1014ddffd1c8dc2ee28654cf4b1d0a79f71782c5.jar E:\Show NearBy Places\app\build\intermediates\exploded-aar\com.android.support\support-v4\23.1.1\jars\classes.jar
Launcher Type: SUN_STANDARD

Environment Variables:
JAVA_HOME=C:\Program Files\Java\jdk1.7.0_51
CLASSPATH=D:\Sunbeam\Minor Projects\java\puzzle2009
PATH=C:\oraclexe\app\oracle\product\11.2.0\server\bin;;C:\WINDOWS\system32;C:\WINDOWS;C:\WINDOWS\System32\Wbem;C:\WINDOWS\System32\WindowsPowerShell\v1.0\;C:\Program Files\Microsoft SQL Server\110\Tools\Binn\;C:\Program Files\Microsoft\Web Platform Installer\;C:\Program Files (x86)\Microsoft ASP.NET\ASP.NET Web Pages\v1.0\;C:\Program Files (x86)\Windows Kits\8.0\Windows Performance Toolkit\;C:\Program Files (x86)\Microsoft SQL Server\100\Tools\Binn\;C:\Program Files\Microsoft SQL Server\100\Tools\Binn\;C:\Program Files\Microsoft SQL Server\100\DTS\Binn\;C:\Program Files\Java\jdk1.7.0_51\bin;C:\Program Files (x86)\Skype\Phone\;C:\Program Files (x86)\QuickTime\QTSystem\;
USERNAME=Amit
OS=Windows_NT
PROCESSOR_IDENTIFIER=Intel64 Family 6 Model 58 Stepping 9, GenuineIntel



---------------  S Y S T E M  ---------------

OS: Windows 8 , 64 bit Build 9200 

CPU:total 4 (2 cores per cpu, 2 threads per core) family 6 model 58 stepping 9, cmov, cx8, fxsr, mmx, sse, sse2, sse3, ssse3, sse4.1, sse4.2, popcnt, avx, aes, erms, ht, tsc, tscinvbit, tscinv

Memory: 4k page, physical 4087148k(683936k free), swap 7702892k(4920k free)

vm_info: Java HotSpot(TM) 64-Bit Server VM (24.51-b03) for windows-amd64 JRE (1.7.0_51-b13), built on Dec 18 2013 18:40:56 by "java_re" with unknown MS VC++:1600

time: Wed Apr 06 22:32:29 2016
elapsed time: 2 seconds

