#
# There is insufficient memory for the Java Runtime Environment to continue.
# Native memory allocation (malloc) failed to allocate 241216 bytes for Chunk::new
# Possible reasons:
#   The system is out of physical RAM or swap space
#   In 32 bit mode, the process size limit was hit
# Possible solutions:
#   Reduce memory load on the system
#   Increase physical memory or swap space
#   Check if swap backing store is full
#   Use 64 bit Java on a 64 bit OS
#   Decrease Java heap size (-Xmx/-Xms)
#   Decrease number of Java threads
#   Decrease Java thread stack sizes (-Xss)
#   Set larger code cache with -XX:ReservedCodeCacheSize=
# This output file may be truncated or incomplete.
#
#  Out of Memory Error (allocation.cpp:323), pid=9472, tid=27152
#
# JRE version: Java(TM) SE Runtime Environment (7.0_51-b13) (build 1.7.0_51-b13)
# Java VM: Java HotSpot(TM) 64-Bit Server VM (24.51-b03 mixed mode windows-amd64 compressed oops)
# Failed to write core dump. Minidumps are not enabled by default on client versions of Windows
#

---------------  T H R E A D  ---------------

Current thread (0x0000000007f43800):  JavaThread "C2 CompilerThread0" daemon [_thread_in_native, id=27152, stack(0x00000000094b0000,0x00000000095b0000)]

Stack: [0x00000000094b0000,0x00000000095b0000]

Current CompileTask:
C2:    703   82             com.android.dx.ssa.SsaMethod::computeReachability (131 bytes)


---------------  P R O C E S S  ---------------

Java Threads: ( => current thread )
  0x0000000009a7b800 JavaThread "pool-1-thread-4" [_thread_blocked, id=40012, stack(0x000000000a0b0000,0x000000000a1b0000)]
  0x0000000009a7b000 JavaThread "pool-1-thread-3" [_thread_blocked, id=10972, stack(0x0000000009fb0000,0x000000000a0b0000)]
  0x0000000009a77800 JavaThread "pool-1-thread-2" [_thread_blocked, id=30896, stack(0x0000000009eb0000,0x0000000009fb0000)]
  0x0000000009a32800 JavaThread "pool-2-thread-1" [_thread_blocked, id=15032, stack(0x0000000009db0000,0x0000000009eb0000)]
  0x0000000009ad0000 JavaThread "pool-1-thread-1" [_thread_in_Java, id=23772, stack(0x0000000009cb0000,0x0000000009db0000)]
  0x0000000007f53800 JavaThread "Service Thread" daemon [_thread_blocked, id=4080, stack(0x00000000096b0000,0x00000000097b0000)]
  0x0000000007f4d800 JavaThread "C2 CompilerThread1" daemon [_thread_blocked, id=12384, stack(0x00000000095b0000,0x00000000096b0000)]
=>0x0000000007f43800 JavaThread "C2 CompilerThread0" daemon [_thread_in_native, id=27152, stack(0x00000000094b0000,0x00000000095b0000)]
  0x0000000007f42800 JavaThread "Attach Listener" daemon [_thread_blocked, id=19156, stack(0x00000000093b0000,0x00000000094b0000)]
  0x0000000007f3f000 JavaThread "Signal Dispatcher" daemon [_thread_blocked, id=16604, stack(0x00000000092b0000,0x00000000093b0000)]
  0x0000000007f0e000 JavaThread "Finalizer" daemon [_thread_blocked, id=3232, stack(0x00000000091b0000,0x00000000092b0000)]
  0x0000000007f03000 JavaThread "Reference Handler" daemon [_thread_blocked, id=26328, stack(0x00000000090b0000,0x00000000091b0000)]
  0x0000000002070800 JavaThread "main" [_thread_in_Java, id=27248, stack(0x0000000001e90000,0x0000000001f90000)]

Other Threads:
  0x0000000007f01000 VMThread [stack: 0x0000000008fb0000,0x00000000090b0000] [id=18912]
  0x0000000007f62000 WatcherThread [stack: 0x00000000097b0000,0x00000000098b0000] [id=1968]

VM state:not at safepoint (normal execution)

VM Mutex/Monitor currently owned by a thread: None

Heap
 PSYoungGen      total 18944K, used 15477K [0x00000000eaa80000, 0x00000000ebf80000, 0x0000000100000000)
  eden space 16384K, 94% used [0x00000000eaa80000,0x00000000eb99d550,0x00000000eba80000)
  from space 2560K, 0% used [0x00000000ebd00000,0x00000000ebd00000,0x00000000ebf80000)
  to   space 2560K, 0% used [0x00000000eba80000,0x00000000eba80000,0x00000000ebd00000)
 ParOldGen       total 42496K, used 0K [0x00000000c0000000, 0x00000000c2980000, 0x00000000eaa80000)
  object space 42496K, 0% used [0x00000000c0000000,0x00000000c0000000,0x00000000c2980000)
 PSPermGen       total 21504K, used 5536K [0x00000000bae00000, 0x00000000bc300000, 0x00000000c0000000)
  object space 21504K, 25% used [0x00000000bae00000,0x00000000bb368108,0x00000000bc300000)

Card table byte_map: [0x0000000005170000,0x00000000053a0000] byte_map_base: 0x0000000004b99000

Polling page: 0x00000000006c0000

Code Cache  [0x0000000002170000, 0x00000000023e0000, 0x0000000005170000)
 total_blobs=320 nmethods=83 adapters=189 free_code_cache=48637Kb largest_free_block=49776832

Compilation events (10 events):
Event: 0.694 Thread 0x0000000007f43800 nmethod 78 0x00000000021f0310 code [0x00000000021f0460, 0x00000000021f0528]
Event: 0.694 Thread 0x0000000007f4d800 nmethod 79 0x00000000021eff90 code [0x00000000021f00e0, 0x00000000021f01d8]
Event: 0.695 Thread 0x0000000007f43800   80             java.util.ArrayList$Itr::<init> (26 bytes)
Event: 0.695 Thread 0x0000000007f4d800   81             java.util.ArrayList$Itr::<init> (6 bytes)
Event: 0.696 Thread 0x0000000007f43800 nmethod 80 0x00000000021f12d0 code [0x00000000021f1400, 0x00000000021f1478]
Event: 0.696 Thread 0x0000000007f4d800 nmethod 81 0x00000000021efd50 code [0x00000000021efe80, 0x00000000021efef8]
Event: 0.696 Thread 0x0000000007f43800   82             com.android.dx.ssa.SsaMethod::computeReachability (131 bytes)
Event: 0.699 Thread 0x0000000007f4d800   83             java.util.ArrayList::iterator (10 bytes)
Event: 0.700 Thread 0x0000000007f4d800 nmethod 83 0x00000000021efa90 code [0x00000000021efbe0, 0x00000000021efc98]
Event: 0.700 Thread 0x0000000007f4d800   84             java.util.BitSet::set (58 bytes)

GC Heap History (0 events):
No events

Deoptimization events (4 events):
Event: 0.677 Thread 0x0000000009ad0000 Uncommon trap: reason=class_check action=maybe_recompile pc=0x00000000021ecc34 method=com.android.dx.ssa.NormalSsaInsn.accept(Lcom/android/dx/ssa/SsaInsn$Visitor;)V @ 9
Event: 0.687 Thread 0x0000000009ad0000 Uncommon trap: reason=class_check action=maybe_recompile pc=0x00000000021ecc34 method=com.android.dx.ssa.NormalSsaInsn.accept(Lcom/android/dx/ssa/SsaInsn$Visitor;)V @ 9
Event: 0.694 Thread 0x0000000009ad0000 Uncommon trap: reason=class_check action=maybe_recompile pc=0x00000000021ecc34 method=com.android.dx.ssa.NormalSsaInsn.accept(Lcom/android/dx/ssa/SsaInsn$Visitor;)V @ 9
Event: 0.694 Thread 0x0000000009ad0000 Uncommon trap: reason=class_check action=maybe_recompile pc=0x00000000021ecc34 method=com.android.dx.ssa.NormalSsaInsn.accept(Lcom/android/dx/ssa/SsaInsn$Visitor;)V @ 9

Internal exceptions (10 events):
Event: 0.543 Thread 0x0000000009ad0000 Threw 0x00000000eb3e2938 at C:\re\jdk7u51\527\hotspot\src\share\vm\prims\jvm.cpp:1244
Event: 0.550 Thread 0x0000000009a77800 Threw 0x00000000eb237eb8 at C:\re\jdk7u51\527\hotspot\src\share\vm\prims\jvm.cpp:1244
Event: 0.553 Thread 0x0000000002070800 Threw 0x00000000eb44a8b0 at C:\re\jdk7u51\527\hotspot\src\share\vm\prims\jvm.cpp:1244
Event: 0.567 Thread 0x0000000009ad0000 Threw 0x00000000eb3f8530 at C:\re\jdk7u51\527\hotspot\src\share\vm\prims\jvm.cpp:1244
Event: 0.587 Thread 0x0000000002070800 Threw 0x00000000eb586340 at C:\re\jdk7u51\527\hotspot\src\share\vm\prims\jvm.cpp:1244
Event: 0.588 Thread 0x0000000002070800 Threw 0x00000000eb590230 at C:\re\jdk7u51\527\hotspot\src\share\vm\prims\jvm.cpp:1244
Event: 0.589 Thread 0x0000000002070800 Threw 0x00000000eb5925f0 at C:\re\jdk7u51\527\hotspot\src\share\vm\prims\jvm.cpp:1244
Event: 0.594 Thread 0x0000000002070800 Threw 0x00000000eb5b1438 at C:\re\jdk7u51\527\hotspot\src\share\vm\prims\jvm.cpp:1244
Event: 0.596 Thread 0x0000000002070800 Threw 0x00000000eb5c0b78 at C:\re\jdk7u51\527\hotspot\src\share\vm\prims\jvm.cpp:1244
Event: 0.609 Thread 0x0000000002070800 Threw 0x00000000eb6415b8 at C:\re\jdk7u51\527\hotspot\src\share\vm\prims\jvm.cpp:1244

Events (10 events):
Event: 0.687 Thread 0x0000000009ad0000 DEOPT PACKING pc=0x00000000021ecc34 sp=0x0000000009dae5d0
Event: 0.687 Thread 0x0000000009ad0000 DEOPT UNPACKING pc=0x00000000021a75a4 sp=0x0000000009dae520 mode 2
Event: 0.694 Thread 0x0000000009ad0000 Uncommon trap: trap_request=0xffffffde fr.pc=0x00000000021ecc34
Event: 0.694 Thread 0x0000000009ad0000 DEOPT PACKING pc=0x00000000021ecc34 sp=0x0000000009dae6a0
Event: 0.694 Thread 0x0000000009ad0000 DEOPT UNPACKING pc=0x00000000021a75a4 sp=0x0000000009dae5f0 mode 2
Event: 0.694 Thread 0x0000000009ad0000 Uncommon trap: trap_request=0xffffffde fr.pc=0x00000000021ecc34
Event: 0.694 Thread 0x0000000009ad0000 DEOPT PACKING pc=0x00000000021ecc34 sp=0x0000000009dae6a0
Event: 0.694 Thread 0x0000000009ad0000 DEOPT UNPACKING pc=0x00000000021a75a4 sp=0x0000000009dae5f0 mode 2
Event: 0.695 loading class 0x00000000020e5570
Event: 0.695 loading class 0x00000000020e5570 done


Dynamic libraries:
0x00007ff7100d0000 - 0x00007ff710103000 	C:\Program Files\Java\jdk1.7.0_51\bin\java.exe
0x00007ffe859f0000 - 0x00007ffe85b9a000 	C:\WINDOWS\SYSTEM32\ntdll.dll
0x00007ffe82170000 - 0x00007ffe822aa000 	C:\WINDOWS\system32\KERNEL32.DLL
0x00007ffe6b680000 - 0x00007ffe6b6b2000 	C:\Program Files (x86)\AVG\Av\avghooka.dll
0x00007ffe81b10000 - 0x00007ffe81c1f000 	C:\WINDOWS\system32\KERNELBASE.dll
0x00007ffe80670000 - 0x00007ffe806f8000 	C:\WINDOWS\system32\apphelp.dll
0x00007ffe745d0000 - 0x00007ffe7461f000 	C:\WINDOWS\AppPatch\AppPatch64\AcGenral.DLL
0x00007ffe842e0000 - 0x00007ffe84387000 	C:\WINDOWS\system32\msvcrt.dll
0x00007ffe81880000 - 0x00007ffe818ab000 	C:\WINDOWS\SYSTEM32\SspiCli.dll
0x00007ffe83f10000 - 0x00007ffe83f61000 	C:\WINDOWS\system32\SHLWAPI.dll
0x00007ffe83f80000 - 0x00007ffe840f1000 	C:\WINDOWS\system32\USER32.dll
0x00007ffe843a0000 - 0x00007ffe84518000 	C:\WINDOWS\system32\ole32.dll
0x00007ffe82740000 - 0x00007ffe83b60000 	C:\WINDOWS\system32\SHELL32.dll
0x00007ffe81050000 - 0x00007ffe8106e000 	C:\WINDOWS\SYSTEM32\USERENV.dll
0x00007ffe82690000 - 0x00007ffe82735000 	C:\WINDOWS\system32\ADVAPI32.dll
0x00007ffe75bd0000 - 0x00007ffe75beb000 	C:\WINDOWS\SYSTEM32\MPR.dll
0x00007ffe84520000 - 0x00007ffe84657000 	C:\WINDOWS\system32\RPCRT4.dll
0x00007ffe84670000 - 0x00007ffe846c7000 	C:\WINDOWS\SYSTEM32\sechost.dll
0x00007ffe83c30000 - 0x00007ffe83e06000 	C:\WINDOWS\SYSTEM32\combase.dll
0x00007ffe82490000 - 0x00007ffe825d4000 	C:\WINDOWS\system32\GDI32.dll
0x00007ffe81a40000 - 0x00007ffe81a54000 	C:\WINDOWS\SYSTEM32\profapi.dll
0x00007ffe800a0000 - 0x00007ffe8013f000 	C:\WINDOWS\SYSTEM32\SHCORE.dll
0x00007ffe82450000 - 0x00007ffe82484000 	C:\WINDOWS\system32\IMM32.DLL
0x00007ffe82010000 - 0x00007ffe82149000 	C:\WINDOWS\system32\MSCTF.dll
0x00007ffe7f830000 - 0x00007ffe7fa8a000 	C:\WINDOWS\WinSxS\amd64_microsoft.windows.common-controls_6595b64144ccf1df_6.0.9600.17031_none_6242a4b3ecbb55a1\COMCTL32.dll
0x0000000062350000 - 0x0000000062422000 	C:\Program Files\Java\jdk1.7.0_51\jre\bin\msvcr100.dll
0x00000000627e0000 - 0x0000000062fa9000 	C:\Program Files\Java\jdk1.7.0_51\jre\bin\server\jvm.dll
0x00007ffe7b250000 - 0x00007ffe7b259000 	C:\WINDOWS\SYSTEM32\WSOCK32.dll
0x00007ffe7a420000 - 0x00007ffe7a43f000 	C:\WINDOWS\SYSTEM32\WINMM.dll
0x00007ffe83bc0000 - 0x00007ffe83bc7000 	C:\WINDOWS\system32\PSAPI.DLL
0x00007ffe83b60000 - 0x00007ffe83bb8000 	C:\WINDOWS\system32\WS2_32.dll
0x00007ffe7a3f0000 - 0x00007ffe7a41a000 	C:\WINDOWS\SYSTEM32\WINMMBASE.dll
0x00007ffe83f70000 - 0x00007ffe83f79000 	C:\WINDOWS\system32\NSI.dll
0x00007ffe81cd0000 - 0x00007ffe81d1a000 	C:\WINDOWS\SYSTEM32\cfgmgr32.dll
0x00007ffe808d0000 - 0x00007ffe808f6000 	C:\WINDOWS\SYSTEM32\DEVOBJ.dll
0x00000000627d0000 - 0x00000000627df000 	C:\Program Files\Java\jdk1.7.0_51\jre\bin\verify.dll
0x00000000627a0000 - 0x00000000627c8000 	C:\Program Files\Java\jdk1.7.0_51\jre\bin\java.dll
0x0000000062780000 - 0x0000000062795000 	C:\Program Files\Java\jdk1.7.0_51\jre\bin\zip.dll
0x0000000062760000 - 0x0000000062779000 	C:\Program Files\Java\jdk1.7.0_51\jre\bin\net.dll
0x00007ffe812a0000 - 0x00007ffe812f8000 	C:\WINDOWS\system32\mswsock.dll
0x0000000062740000 - 0x0000000062751000 	C:\Program Files\Java\jdk1.7.0_51\jre\bin\nio.dll

VM Arguments:
jvm_args: -Xmx1024M -Dfile.encoding=windows-1252 -Duser.country=US -Duser.language=en -Duser.variant 
java_command: com.android.dx.command.Main --dex --num-threads=4 --output E:\Show NearBy Places\app\build\intermediates\pre-dexed\debug\classes-52fd3e5c4e2fe7471618fa612933f385d64f8fb4.jar E:\Show NearBy Places\app\build\intermediates\exploded-aar\com.google.android.gms\play-services-plus\8.3.0\jars\classes.jar
Launcher Type: SUN_STANDARD

Environment Variables:
JAVA_HOME=C:\Program Files\Java\jdk1.7.0_51
CLASSPATH=D:\Sunbeam\Minor Projects\java\puzzle2009
PATH=C:\oraclexe\app\oracle\product\11.2.0\server\bin;;C:\WINDOWS\system32;C:\WINDOWS;C:\WINDOWS\System32\Wbem;C:\WINDOWS\System32\WindowsPowerShell\v1.0\;C:\Program Files\Microsoft SQL Server\110\Tools\Binn\;C:\Program Files\Microsoft\Web Platform Installer\;C:\Program Files (x86)\Microsoft ASP.NET\ASP.NET Web Pages\v1.0\;C:\Program Files (x86)\Windows Kits\8.0\Windows Performance Toolkit\;C:\Program Files (x86)\Microsoft SQL Server\100\Tools\Binn\;C:\Program Files\Microsoft SQL Server\100\Tools\Binn\;C:\Program Files\Microsoft SQL Server\100\DTS\Binn\;C:\Program Files\Java\jdk1.7.0_51\bin;C:\Program Files (x86)\Skype\Phone\;C:\Program Files (x86)\QuickTime\QTSystem\;
USERNAME=Amit
OS=Windows_NT
PROCESSOR_IDENTIFIER=Intel64 Family 6 Model 58 Stepping 9, GenuineIntel



---------------  S Y S T E M  ---------------

OS: Windows 8 , 64 bit Build 9200 

CPU:total 4 (2 cores per cpu, 2 threads per core) family 6 model 58 stepping 9, cmov, cx8, fxsr, mmx, sse, sse2, sse3, ssse3, sse4.1, sse4.2, popcnt, avx, aes, erms, ht, tsc, tscinvbit, tscinv

Memory: 4k page, physical 4087148k(741000k free), swap 7702892k(5112k free)

vm_info: Java HotSpot(TM) 64-Bit Server VM (24.51-b03) for windows-amd64 JRE (1.7.0_51-b13), built on Dec 18 2013 18:40:56 by "java_re" with unknown MS VC++:1600

time: Wed Apr 06 22:32:26 2016
elapsed time: 0 seconds

