#
# There is insufficient memory for the Java Runtime Environment to continue.
# Native memory allocation (malloc) failed to allocate 32744 bytes for ChunkPool::allocate
# Possible reasons:
#   The system is out of physical RAM or swap space
#   In 32 bit mode, the process size limit was hit
# Possible solutions:
#   Reduce memory load on the system
#   Increase physical memory or swap space
#   Check if swap backing store is full
#   Use 64 bit Java on a 64 bit OS
#   Decrease Java heap size (-Xmx/-Xms)
#   Decrease number of Java threads
#   Decrease Java thread stack sizes (-Xss)
#   Set larger code cache with -XX:ReservedCodeCacheSize=
# This output file may be truncated or incomplete.
#
#  Out of Memory Error (allocation.cpp:211), pid=10788, tid=9316
#
# JRE version: Java(TM) SE Runtime Environment (7.0_51-b13) (build 1.7.0_51-b13)
# Java VM: Java HotSpot(TM) 64-Bit Server VM (24.51-b03 mixed mode windows-amd64 compressed oops)
# Failed to write core dump. Minidumps are not enabled by default on client versions of Windows
#

---------------  T H R E A D  ---------------

Current thread (0x000000000841d000):  JavaThread "C2 CompilerThread1" daemon [_thread_in_native, id=9316, stack(0x0000000009a80000,0x0000000009b80000)]

Stack: [0x0000000009a80000,0x0000000009b80000]

Current CompileTask:
C2:   4252  271   !         com.android.dx.cf.code.BytecodeArray::parseInstruction (2764 bytes)


---------------  P R O C E S S  ---------------

Java Threads: ( => current thread )
  0x0000000009f46800 JavaThread "pool-1-thread-4" [_thread_blocked, id=36112, stack(0x000000000a580000,0x000000000a680000)]
  0x0000000009f68800 JavaThread "pool-1-thread-3" [_thread_in_Java, id=42360, stack(0x000000000a480000,0x000000000a580000)]
  0x0000000009f56000 JavaThread "pool-1-thread-2" [_thread_in_Java, id=30608, stack(0x000000000a380000,0x000000000a480000)]
  0x0000000009f55800 JavaThread "pool-2-thread-1" [_thread_blocked, id=15716, stack(0x000000000a280000,0x000000000a380000)]
  0x0000000009f59000 JavaThread "pool-1-thread-1" [_thread_blocked, id=15324, stack(0x000000000a180000,0x000000000a280000)]
  0x0000000008425000 JavaThread "Service Thread" daemon [_thread_blocked, id=17600, stack(0x0000000009b80000,0x0000000009c80000)]
=>0x000000000841d000 JavaThread "C2 CompilerThread1" daemon [_thread_in_native, id=9316, stack(0x0000000009a80000,0x0000000009b80000)]
  0x0000000008413000 JavaThread "C2 CompilerThread0" daemon [_thread_in_native, id=9392, stack(0x0000000009980000,0x0000000009a80000)]
  0x0000000008412000 JavaThread "Attach Listener" daemon [_thread_blocked, id=38892, stack(0x0000000009880000,0x0000000009980000)]
  0x000000000840e800 JavaThread "Signal Dispatcher" daemon [_thread_blocked, id=27412, stack(0x0000000009780000,0x0000000009880000)]
  0x00000000083de000 JavaThread "Finalizer" daemon [_thread_blocked, id=38556, stack(0x0000000009680000,0x0000000009780000)]
  0x00000000083d3000 JavaThread "Reference Handler" daemon [_thread_blocked, id=16176, stack(0x0000000009580000,0x0000000009680000)]
  0x00000000023c0800 JavaThread "main" [_thread_in_Java, id=15964, stack(0x0000000002280000,0x0000000002380000)]

Other Threads:
  0x00000000083d1000 VMThread [stack: 0x0000000009480000,0x0000000009580000] [id=10488]
  0x0000000008433800 WatcherThread [stack: 0x0000000009c80000,0x0000000009d80000] [id=30628]

VM state:not at safepoint (normal execution)

VM Mutex/Monitor currently owned by a thread: None

Heap
 PSYoungGen      total 35328K, used 24227K [0x00000000eaa80000, 0x00000000ecf80000, 0x0000000100000000)
  eden space 32768K, 66% used [0x00000000eaa80000,0x00000000ebfac608,0x00000000eca80000)
  from space 2560K, 99% used [0x00000000ecd00000,0x00000000ecf7c690,0x00000000ecf80000)
  to   space 2560K, 0% used [0x00000000eca80000,0x00000000eca80000,0x00000000ecd00000)
 ParOldGen       total 42496K, used 2682K [0x00000000c0000000, 0x00000000c2980000, 0x00000000eaa80000)
  object space 42496K, 6% used [0x00000000c0000000,0x00000000c029e980,0x00000000c2980000)
 PSPermGen       total 21504K, used 5832K [0x00000000bae00000, 0x00000000bc300000, 0x00000000c0000000)
  object space 21504K, 27% used [0x00000000bae00000,0x00000000bb3b2178,0x00000000bc300000)

Card table byte_map: [0x0000000005640000,0x0000000005870000] byte_map_base: 0x0000000005069000

Polling page: 0x0000000002380000

Code Cache  [0x0000000002580000, 0x00000000027f0000, 0x0000000005580000)
 total_blobs=509 nmethods=270 adapters=189 free_code_cache=48060Kb largest_free_block=49190976

Compilation events (10 events):
Event: 4.042 Thread 0x000000000841d000 nmethod 265 0x0000000002682390 code [0x00000000026825a0, 0x00000000026835d0]
Event: 4.042 Thread 0x000000000841d000  267             java.lang.Long::numberOfTrailingZeros (116 bytes)
Event: 4.043 Thread 0x000000000841d000 nmethod 267 0x000000000267ae50 code [0x000000000267af80, 0x000000000267b038]
Event: 4.043 Thread 0x000000000841d000  268             com.android.dx.rop.code.RopMethod::getBlocks (5 bytes)
Event: 4.043 Thread 0x000000000841d000 nmethod 268 0x000000000267abd0 code [0x000000000267ad00, 0x000000000267ad58]
Event: 4.043 Thread 0x000000000841d000  269             com.android.dx.ssa.SsaConverter::edgeSplitSuccessors (98 bytes)
Event: 4.071 Thread 0x000000000841d000 nmethod 269 0x000000000268f410 code [0x000000000268f680, 0x0000000002690348]
Event: 4.071 Thread 0x000000000841d000  270             java.util.Collections$UnmodifiableCollection$1::next (10 bytes)
Event: 4.073 Thread 0x000000000841d000 nmethod 270 0x0000000002681e50 code [0x0000000002681fc0, 0x0000000002682128]
Event: 4.073 Thread 0x000000000841d000  271   !         com.android.dx.cf.code.BytecodeArray::parseInstruction (2764 bytes)

GC Heap History (4 events):
Event: 2.121 GC heap before
{Heap before GC invocations=1 (full 0):
 PSYoungGen      total 18944K, used 16384K [0x00000000eaa80000, 0x00000000ebf80000, 0x0000000100000000)
  eden space 16384K, 100% used [0x00000000eaa80000,0x00000000eba80000,0x00000000eba80000)
  from space 2560K, 0% used [0x00000000ebd00000,0x00000000ebd00000,0x00000000ebf80000)
  to   space 2560K, 0% used [0x00000000eba80000,0x00000000eba80000,0x00000000ebd00000)
 ParOldGen       total 42496K, used 0K [0x00000000c0000000, 0x00000000c2980000, 0x00000000eaa80000)
  object space 42496K, 0% used [0x00000000c0000000,0x00000000c0000000,0x00000000c2980000)
 PSPermGen       total 21504K, used 5511K [0x00000000bae00000, 0x00000000bc300000, 0x00000000c0000000)
  object space 21504K, 25% used [0x00000000bae00000,0x00000000bb361e28,0x00000000bc300000)
Event: 2.244 GC heap after
Heap after GC invocations=1 (full 0):
 PSYoungGen      total 18944K, used 2537K [0x00000000eaa80000, 0x00000000ecf80000, 0x0000000100000000)
  eden space 16384K, 0% used [0x00000000eaa80000,0x00000000eaa80000,0x00000000eba80000)
  from space 2560K, 99% used [0x00000000eba80000,0x00000000ebcfa428,0x00000000ebd00000)
  to   space 2560K, 0% used [0x00000000ecd00000,0x00000000ecd00000,0x00000000ecf80000)
 ParOldGen       total 42496K, used 873K [0x00000000c0000000, 0x00000000c2980000, 0x00000000eaa80000)
  object space 42496K, 2% used [0x00000000c0000000,0x00000000c00da588,0x00000000c2980000)
 PSPermGen       total 21504K, used 5511K [0x00000000bae00000, 0x00000000bc300000, 0x00000000c0000000)
  object space 21504K, 25% used [0x00000000bae00000,0x00000000bb361e28,0x00000000bc300000)
}
Event: 3.465 GC heap before
{Heap before GC invocations=2 (full 0):
 PSYoungGen      total 18944K, used 18921K [0x00000000eaa80000, 0x00000000ecf80000, 0x0000000100000000)
  eden space 16384K, 100% used [0x00000000eaa80000,0x00000000eba80000,0x00000000eba80000)
  from space 2560K, 99% used [0x00000000eba80000,0x00000000ebcfa428,0x00000000ebd00000)
  to   space 2560K, 0% used [0x00000000ecd00000,0x00000000ecd00000,0x00000000ecf80000)
 ParOldGen       total 42496K, used 873K [0x00000000c0000000, 0x00000000c2980000, 0x00000000eaa80000)
  object space 42496K, 2% used [0x00000000c0000000,0x00000000c00da588,0x00000000c2980000)
 PSPermGen       total 21504K, used 5763K [0x00000000bae00000, 0x00000000bc300000, 0x00000000c0000000)
  object space 21504K, 26% used [0x00000000bae00000,0x00000000bb3a0f78,0x00000000bc300000)
Event: 3.519 GC heap after
Heap after GC invocations=2 (full 0):
 PSYoungGen      total 35328K, used 2545K [0x00000000eaa80000, 0x00000000ecf80000, 0x0000000100000000)
  eden space 32768K, 0% used [0x00000000eaa80000,0x00000000eaa80000,0x00000000eca80000)
  from space 2560K, 99% used [0x00000000ecd00000,0x00000000ecf7c690,0x00000000ecf80000)
  to   space 2560K, 0% used [0x00000000eca80000,0x00000000eca80000,0x00000000ecd00000)
 ParOldGen       total 42496K, used 2682K [0x00000000c0000000, 0x00000000c2980000, 0x00000000eaa80000)
  object space 42496K, 6% used [0x00000000c0000000,0x00000000c029e980,0x00000000c2980000)
 PSPermGen       total 21504K, used 5763K [0x00000000bae00000, 0x00000000bc300000, 0x00000000c0000000)
  object space 21504K, 26% used [0x00000000bae00000,0x00000000bb3a0f78,0x00000000bc300000)
}

Deoptimization events (8 events):
Event: 2.349 Thread 0x0000000009f56000 Uncommon trap: reason=null_check action=make_not_entrant pc=0x00000000026032b8 method=com.android.dx.rop.code.LocalItem.equals(Ljava/lang/Object;)Z @ 1
Event: 3.400 Thread 0x0000000009f46800 Uncommon trap: reason=unreached action=reinterpret pc=0x0000000002642c90 method=com.android.dx.ssa.SsaRenamer$BlockRenamer.process()V @ 90
Event: 3.856 Thread 0x00000000023c0800 Uncommon trap: reason=null_check action=make_not_entrant pc=0x00000000026583e4 method=com.android.dx.rop.type.Type.putIntern(Lcom/android/dx/rop/type/Type;)Lcom/android/dx/rop/type/Type; @ 18
Event: 3.924 Thread 0x00000000023c0800 Uncommon trap: reason=unreached action=reinterpret pc=0x0000000002662df8 method=com.android.dx.util.LabeledList.set(ILcom/android/dx/util/LabeledItem;)V @ 16
Event: 3.988 Thread 0x0000000009f68800 Uncommon trap: reason=unreached action=reinterpret pc=0x000000000265c494 method=com.android.dx.rop.code.LocalVariableExtractor.processBlock(I)V @ 195
Event: 3.997 Thread 0x0000000009f59000 Uncommon trap: reason=unreached action=reinterpret pc=0x0000000002688f60 method=com.android.dx.cf.code.Ropper.processBlock(Lcom/android/dx/cf/code/ByteBlock;Lcom/android/dx/cf/code/Frame;[I)V @ 963
Event: 4.231 Thread 0x0000000009f56000 Uncommon trap: reason=unreached action=reinterpret pc=0x00000000025ffc44 method=com.android.dx.rop.cst.Constant.compareTo(Lcom/android/dx/rop/cst/Constant;)I @ 12
Event: 4.238 Thread 0x0000000009f68800 Uncommon trap: reason=unreached action=reinterpret pc=0x000000000264a94c method=com.android.dx.ssa.SCCP.simulateBranch(Lcom/android/dx/ssa/SsaInsn;)V @ 132

Internal exceptions (10 events):
Event: 1.982 Thread 0x0000000009f68800 Threw 0x00000000eb8417d0 at C:\re\jdk7u51\527\hotspot\src\share\vm\prims\jvm.cpp:1244
Event: 1.993 Thread 0x0000000009f46800 Threw 0x00000000eb5f8da8 at C:\re\jdk7u51\527\hotspot\src\share\vm\prims\jvm.cpp:1244
Event: 2.057 Thread 0x0000000009f46800 Threw 0x00000000eba59608 at C:\re\jdk7u51\527\hotspot\src\share\vm\prims\jvm.cpp:1244
Event: 2.269 Thread 0x0000000009f68800 Threw 0x00000000eab61510 at C:\re\jdk7u51\527\hotspot\src\share\vm\prims\jvm.cpp:1244
Event: 2.319 Thread 0x0000000009f59000 Threw 0x00000000eabcd118 at C:\re\jdk7u51\527\hotspot\src\share\vm\prims\jvm.cpp:1244
Event: 2.349 Thread 0x0000000009f56000 Implicit null exception at 0x0000000002602f46 to 0x00000000026032a5
Event: 2.504 Thread 0x00000000023c0800 Threw 0x00000000eae0eef8 at C:\re\jdk7u51\527\hotspot\src\share\vm\prims\jvm.cpp:1244
Event: 2.507 Thread 0x00000000023c0800 Threw 0x00000000eaf5ba80 at C:\re\jdk7u51\527\hotspot\src\share\vm\prims\jvm.cpp:1244
Event: 3.856 Thread 0x00000000023c0800 Implicit null exception at 0x0000000002657cf7 to 0x00000000026583d5
Event: 3.905 Thread 0x00000000023c0800 Threw 0x00000000eb27e3e0 at C:\re\jdk7u51\527\hotspot\src\share\vm\prims\jvm.cpp:1244

Events (10 events):
Event: 3.997 Thread 0x0000000009f59000 DEOPT PACKING pc=0x0000000002688f60 sp=0x000000000a27eea0
Event: 3.998 Thread 0x0000000009f59000 DEOPT UNPACKING pc=0x00000000025b75a4 sp=0x000000000a27ee18 mode 2
Event: 4.193 Executing VM operation: EnableBiasedLocking
Event: 4.200 Executing VM operation: EnableBiasedLocking done
Event: 4.231 Thread 0x0000000009f56000 Uncommon trap: trap_request=0xffffffad fr.pc=0x00000000025ffc44
Event: 4.231 Thread 0x0000000009f56000 DEOPT PACKING pc=0x00000000025ffc44 sp=0x000000000a47e8b0
Event: 4.231 Thread 0x0000000009f56000 DEOPT UNPACKING pc=0x00000000025b75a4 sp=0x000000000a47e850 mode 2
Event: 4.238 Thread 0x0000000009f68800 Uncommon trap: trap_request=0xffffffad fr.pc=0x000000000264a94c
Event: 4.238 Thread 0x0000000009f68800 DEOPT PACKING pc=0x000000000264a94c sp=0x000000000a57e9e0
Event: 4.238 Thread 0x0000000009f68800 DEOPT UNPACKING pc=0x00000000025b75a4 sp=0x000000000a57e978 mode 2


Dynamic libraries:
0x00007ff7100d0000 - 0x00007ff710103000 	C:\Program Files\Java\jdk1.7.0_51\bin\java.exe
0x00007ffe859f0000 - 0x00007ffe85b9a000 	C:\WINDOWS\SYSTEM32\ntdll.dll
0x00007ffe82170000 - 0x00007ffe822aa000 	C:\WINDOWS\system32\KERNEL32.DLL
0x00007ffe6b680000 - 0x00007ffe6b6b2000 	C:\Program Files (x86)\AVG\Av\avghooka.dll
0x00007ffe81b10000 - 0x00007ffe81c1f000 	C:\WINDOWS\system32\KERNELBASE.dll
0x00007ffe80670000 - 0x00007ffe806f8000 	C:\WINDOWS\system32\apphelp.dll
0x00007ffe745d0000 - 0x00007ffe7461f000 	C:\WINDOWS\AppPatch\AppPatch64\AcGenral.DLL
0x00007ffe842e0000 - 0x00007ffe84387000 	C:\WINDOWS\system32\msvcrt.dll
0x00007ffe81880000 - 0x00007ffe818ab000 	C:\WINDOWS\SYSTEM32\SspiCli.dll
0x00007ffe83f10000 - 0x00007ffe83f61000 	C:\WINDOWS\system32\SHLWAPI.dll
0x00007ffe83f80000 - 0x00007ffe840f1000 	C:\WINDOWS\system32\USER32.dll
0x00007ffe843a0000 - 0x00007ffe84518000 	C:\WINDOWS\system32\ole32.dll
0x00007ffe82740000 - 0x00007ffe83b60000 	C:\WINDOWS\system32\SHELL32.dll
0x00007ffe81050000 - 0x00007ffe8106e000 	C:\WINDOWS\SYSTEM32\USERENV.dll
0x00007ffe82690000 - 0x00007ffe82735000 	C:\WINDOWS\system32\ADVAPI32.dll
0x00007ffe75bd0000 - 0x00007ffe75beb000 	C:\WINDOWS\SYSTEM32\MPR.dll
0x00007ffe84520000 - 0x00007ffe84657000 	C:\WINDOWS\system32\RPCRT4.dll
0x00007ffe84670000 - 0x00007ffe846c7000 	C:\WINDOWS\SYSTEM32\sechost.dll
0x00007ffe83c30000 - 0x00007ffe83e06000 	C:\WINDOWS\SYSTEM32\combase.dll
0x00007ffe82490000 - 0x00007ffe825d4000 	C:\WINDOWS\system32\GDI32.dll
0x00007ffe81a40000 - 0x00007ffe81a54000 	C:\WINDOWS\SYSTEM32\profapi.dll
0x00007ffe800a0000 - 0x00007ffe8013f000 	C:\WINDOWS\SYSTEM32\SHCORE.dll
0x00007ffe82450000 - 0x00007ffe82484000 	C:\WINDOWS\system32\IMM32.DLL
0x00007ffe82010000 - 0x00007ffe82149000 	C:\WINDOWS\system32\MSCTF.dll
0x00007ffe7f830000 - 0x00007ffe7fa8a000 	C:\WINDOWS\WinSxS\amd64_microsoft.windows.common-controls_6595b64144ccf1df_6.0.9600.17031_none_6242a4b3ecbb55a1\COMCTL32.dll
0x0000000062350000 - 0x0000000062422000 	C:\Program Files\Java\jdk1.7.0_51\jre\bin\msvcr100.dll
0x00000000627e0000 - 0x0000000062fa9000 	C:\Program Files\Java\jdk1.7.0_51\jre\bin\server\jvm.dll
0x00007ffe7b250000 - 0x00007ffe7b259000 	C:\WINDOWS\SYSTEM32\WSOCK32.dll
0x00007ffe7a420000 - 0x00007ffe7a43f000 	C:\WINDOWS\SYSTEM32\WINMM.dll
0x00007ffe83bc0000 - 0x00007ffe83bc7000 	C:\WINDOWS\system32\PSAPI.DLL
0x00007ffe83b60000 - 0x00007ffe83bb8000 	C:\WINDOWS\system32\WS2_32.dll
0x00007ffe7a3f0000 - 0x00007ffe7a41a000 	C:\WINDOWS\SYSTEM32\WINMMBASE.dll
0x00007ffe83f70000 - 0x00007ffe83f79000 	C:\WINDOWS\system32\NSI.dll
0x00007ffe81cd0000 - 0x00007ffe81d1a000 	C:\WINDOWS\SYSTEM32\cfgmgr32.dll
0x00007ffe808d0000 - 0x00007ffe808f6000 	C:\WINDOWS\SYSTEM32\DEVOBJ.dll
0x00000000627d0000 - 0x00000000627df000 	C:\Program Files\Java\jdk1.7.0_51\jre\bin\verify.dll
0x00000000627a0000 - 0x00000000627c8000 	C:\Program Files\Java\jdk1.7.0_51\jre\bin\java.dll
0x0000000062780000 - 0x0000000062795000 	C:\Program Files\Java\jdk1.7.0_51\jre\bin\zip.dll
0x0000000062760000 - 0x0000000062779000 	C:\Program Files\Java\jdk1.7.0_51\jre\bin\net.dll
0x00007ffe812a0000 - 0x00007ffe812f8000 	C:\WINDOWS\system32\mswsock.dll
0x0000000062740000 - 0x0000000062751000 	C:\Program Files\Java\jdk1.7.0_51\jre\bin\nio.dll

VM Arguments:
jvm_args: -Xmx1024M -Dfile.encoding=windows-1252 -Duser.country=US -Duser.language=en -Duser.variant 
java_command: com.android.dx.command.Main --dex --num-threads=4 --output E:\Show NearBy Places\app\build\intermediates\pre-dexed\debug\classes-b339a1793e8a8253b3a220e372939dc127256bb1.jar E:\Show NearBy Places\app\build\intermediates\exploded-aar\com.android.support\appcompat-v7\23.1.1\jars\classes.jar
Launcher Type: SUN_STANDARD

Environment Variables:
JAVA_HOME=C:\Program Files\Java\jdk1.7.0_51
CLASSPATH=D:\Sunbeam\Minor Projects\java\puzzle2009
PATH=C:\oraclexe\app\oracle\product\11.2.0\server\bin;;C:\WINDOWS\system32;C:\WINDOWS;C:\WINDOWS\System32\Wbem;C:\WINDOWS\System32\WindowsPowerShell\v1.0\;C:\Program Files\Microsoft SQL Server\110\Tools\Binn\;C:\Program Files\Microsoft\Web Platform Installer\;C:\Program Files (x86)\Microsoft ASP.NET\ASP.NET Web Pages\v1.0\;C:\Program Files (x86)\Windows Kits\8.0\Windows Performance Toolkit\;C:\Program Files (x86)\Microsoft SQL Server\100\Tools\Binn\;C:\Program Files\Microsoft SQL Server\100\Tools\Binn\;C:\Program Files\Microsoft SQL Server\100\DTS\Binn\;C:\Program Files\Java\jdk1.7.0_51\bin;C:\Program Files (x86)\Skype\Phone\;C:\Program Files (x86)\QuickTime\QTSystem\;
USERNAME=Amit
OS=Windows_NT
PROCESSOR_IDENTIFIER=Intel64 Family 6 Model 58 Stepping 9, GenuineIntel



---------------  S Y S T E M  ---------------

OS: Windows 8 , 64 bit Build 9200 

CPU:total 4 (2 cores per cpu, 2 threads per core) family 6 model 58 stepping 9, cmov, cx8, fxsr, mmx, sse, sse2, sse3, ssse3, sse4.1, sse4.2, popcnt, avx, aes, erms, ht, tsc, tscinvbit, tscinv

Memory: 4k page, physical 4087148k(671336k free), swap 7702892k(8684k free)

vm_info: Java HotSpot(TM) 64-Bit Server VM (24.51-b03) for windows-amd64 JRE (1.7.0_51-b13), built on Dec 18 2013 18:40:56 by "java_re" with unknown MS VC++:1600

time: Wed Apr 06 22:32:25 2016
elapsed time: 4 seconds

