#
# There is insufficient memory for the Java Runtime Environment to continue.
# Native memory allocation (malloc) failed to allocate 74832 bytes for Chunk::new
# Possible reasons:
#   The system is out of physical RAM or swap space
#   In 32 bit mode, the process size limit was hit
# Possible solutions:
#   Reduce memory load on the system
#   Increase physical memory or swap space
#   Check if swap backing store is full
#   Use 64 bit Java on a 64 bit OS
#   Decrease Java heap size (-Xmx/-Xms)
#   Decrease number of Java threads
#   Decrease Java thread stack sizes (-Xss)
#   Set larger code cache with -XX:ReservedCodeCacheSize=
# This output file may be truncated or incomplete.
#
#  Out of Memory Error (allocation.cpp:323), pid=25780, tid=12824
#
# JRE version: Java(TM) SE Runtime Environment (7.0_51-b13) (build 1.7.0_51-b13)
# Java VM: Java HotSpot(TM) 64-Bit Server VM (24.51-b03 mixed mode windows-amd64 compressed oops)
# Failed to write core dump. Minidumps are not enabled by default on client versions of Windows
#

---------------  T H R E A D  ---------------

Current thread (0x000000000881d800):  JavaThread "C2 CompilerThread1" daemon [_thread_in_native, id=12824, stack(0x0000000009e80000,0x0000000009f80000)]

Stack: [0x0000000009e80000,0x0000000009f80000]

Current CompileTask:
C2:    220    9             java.util.regex.Pattern::compile (406 bytes)


---------------  P R O C E S S  ---------------

Java Threads: ( => current thread )
  0x0000000008823800 JavaThread "Service Thread" daemon [_thread_blocked, id=29072, stack(0x0000000009f80000,0x000000000a080000)]
=>0x000000000881d800 JavaThread "C2 CompilerThread1" daemon [_thread_in_native, id=12824, stack(0x0000000009e80000,0x0000000009f80000)]
  0x0000000008813800 JavaThread "C2 CompilerThread0" daemon [_thread_blocked, id=38612, stack(0x0000000009d80000,0x0000000009e80000)]
  0x0000000008812800 JavaThread "Attach Listener" daemon [_thread_blocked, id=25488, stack(0x0000000009c80000,0x0000000009d80000)]
  0x000000000880f000 JavaThread "Signal Dispatcher" daemon [_thread_blocked, id=10264, stack(0x0000000009b80000,0x0000000009c80000)]
  0x00000000087de000 JavaThread "Finalizer" daemon [_thread_blocked, id=5580, stack(0x0000000009a80000,0x0000000009b80000)]
  0x00000000087d3000 JavaThread "Reference Handler" daemon [_thread_blocked, id=17864, stack(0x0000000009980000,0x0000000009a80000)]
  0x0000000002880800 JavaThread "main" [_thread_in_Java, id=17272, stack(0x00000000026f0000,0x00000000027f0000)]

Other Threads:
  0x00000000087d1000 VMThread [stack: 0x0000000009880000,0x0000000009980000] [id=26428]
  0x0000000008832000 WatcherThread [stack: 0x000000000a080000,0x000000000a180000] [id=12812]

VM state:not at safepoint (normal execution)

VM Mutex/Monitor currently owned by a thread: None

Heap
 PSYoungGen      total 18944K, used 3614K [0x00000000eaa80000, 0x00000000ebf80000, 0x0000000100000000)
  eden space 16384K, 22% used [0x00000000eaa80000,0x00000000eae07840,0x00000000eba80000)
  from space 2560K, 0% used [0x00000000ebd00000,0x00000000ebd00000,0x00000000ebf80000)
  to   space 2560K, 0% used [0x00000000eba80000,0x00000000eba80000,0x00000000ebd00000)
 ParOldGen       total 42496K, used 0K [0x00000000c0000000, 0x00000000c2980000, 0x00000000eaa80000)
  object space 42496K, 0% used [0x00000000c0000000,0x00000000c0000000,0x00000000c2980000)
 PSPermGen       total 21504K, used 3217K [0x00000000bae00000, 0x00000000bc300000, 0x00000000c0000000)
  object space 21504K, 14% used [0x00000000bae00000,0x00000000bb124610,0x00000000bc300000)

Card table byte_map: [0x0000000005a40000,0x0000000005c70000] byte_map_base: 0x0000000005469000

Polling page: 0x0000000002600000

Code Cache  [0x0000000002980000, 0x0000000002bf0000, 0x0000000005980000)
 total_blobs=206 nmethods=16 adapters=143 free_code_cache=48746Kb largest_free_block=49904384

Compilation events (10 events):
Event: 0.212 Thread 0x0000000008813800   13             java.lang.Character::codePointAtImpl (41 bytes)
Event: 0.213 Thread 0x0000000008813800 nmethod 13 0x00000000029e6450 code [0x00000000029e65a0, 0x00000000029e66b8]
Event: 0.213 Thread 0x0000000008813800   14             java.lang.Character::isHighSurrogate (18 bytes)
Event: 0.213 Thread 0x0000000008813800 nmethod 14 0x00000000029e4990 code [0x00000000029e4ac0, 0x00000000029e4b18]
Event: 0.213 Thread 0x0000000008813800   15             java.util.regex.Pattern::isSupplementary (20 bytes)
Event: 0.214 Thread 0x0000000008813800 nmethod 15 0x00000000029e4710 code [0x00000000029e4840, 0x00000000029e4898]
Event: 0.214 Thread 0x0000000008813800   16             java.lang.Character::isSurrogate (18 bytes)
Event: 0.214 Thread 0x0000000008813800 nmethod 16 0x00000000029e8090 code [0x00000000029e81c0, 0x00000000029e8218]
Event: 0.214 Thread 0x0000000008813800   17             java.lang.String::charAt (29 bytes)
Event: 0.215 Thread 0x0000000008813800 nmethod 17 0x00000000029e8290 code [0x00000000029e83c0, 0x00000000029e8458]

GC Heap History (0 events):
No events

Deoptimization events (0 events):
No events

Internal exceptions (10 events):
Event: 0.159 Thread 0x0000000002880800 Threw 0x00000000eab8f3d0 at C:\re\jdk7u51\527\hotspot\src\share\vm\prims\jvm.cpp:1244
Event: 0.160 Thread 0x0000000002880800 Threw 0x00000000eab91510 at C:\re\jdk7u51\527\hotspot\src\share\vm\prims\jvm.cpp:1244
Event: 0.161 Thread 0x0000000002880800 Threw 0x00000000eab96090 at C:\re\jdk7u51\527\hotspot\src\share\vm\prims\jvm.cpp:1244
Event: 0.162 Thread 0x0000000002880800 Threw 0x00000000eab9a498 at C:\re\jdk7u51\527\hotspot\src\share\vm\prims\jvm.cpp:1244
Event: 0.163 Thread 0x0000000002880800 Threw 0x00000000eab9eea8 at C:\re\jdk7u51\527\hotspot\src\share\vm\prims\jvm.cpp:1244
Event: 0.164 Thread 0x0000000002880800 Threw 0x00000000eaba3420 at C:\re\jdk7u51\527\hotspot\src\share\vm\prims\jvm.cpp:1244
Event: 0.169 Thread 0x0000000002880800 Threw 0x00000000eabaae00 at C:\re\jdk7u51\527\hotspot\src\share\vm\prims\jvm.cpp:1244
Event: 0.169 Thread 0x0000000002880800 Threw 0x00000000eabb0580 at C:\re\jdk7u51\527\hotspot\src\share\vm\prims\jvm.cpp:1244
Event: 0.170 Thread 0x0000000002880800 Threw 0x00000000eabb26b0 at C:\re\jdk7u51\527\hotspot\src\share\vm\prims\jvm.cpp:1244
Event: 0.174 Thread 0x0000000002880800 Threw 0x00000000eabc77c8 at C:\re\jdk7u51\527\hotspot\src\share\vm\prims\jvm.cpp:1244

Events (10 events):
Event: 0.176 loading class 0x000000000a1ea050 done
Event: 0.176 loading class 0x000000000a1e9fc0 done
Event: 0.176 loading class 0x000000000a1e98c0
Event: 0.176 loading class 0x000000000a1e98c0 done
Event: 0.176 loading class 0x000000000a1ea080
Event: 0.176 loading class 0x000000000a1ea080 done
Event: 0.176 loading class 0x00000000028cd620
Event: 0.176 loading class 0x000000000a1ebdd0
Event: 0.176 loading class 0x000000000a1ebdd0 done
Event: 0.176 loading class 0x00000000028cd620 done


Dynamic libraries:
0x00007ff7100d0000 - 0x00007ff710103000 	C:\Program Files\Java\jdk1.7.0_51\bin\java.exe
0x00007ffe859f0000 - 0x00007ffe85b9a000 	C:\WINDOWS\SYSTEM32\ntdll.dll
0x00007ffe82170000 - 0x00007ffe822aa000 	C:\WINDOWS\system32\KERNEL32.DLL
0x00007ffe6b680000 - 0x00007ffe6b6b2000 	C:\Program Files (x86)\AVG\Av\avghooka.dll
0x00007ffe81b10000 - 0x00007ffe81c1f000 	C:\WINDOWS\system32\KERNELBASE.dll
0x00007ffe80670000 - 0x00007ffe806f8000 	C:\WINDOWS\system32\apphelp.dll
0x00007ffe745d0000 - 0x00007ffe7461f000 	C:\WINDOWS\AppPatch\AppPatch64\AcGenral.DLL
0x00007ffe842e0000 - 0x00007ffe84387000 	C:\WINDOWS\system32\msvcrt.dll
0x00007ffe81880000 - 0x00007ffe818ab000 	C:\WINDOWS\SYSTEM32\SspiCli.dll
0x00007ffe83f10000 - 0x00007ffe83f61000 	C:\WINDOWS\system32\SHLWAPI.dll
0x00007ffe83f80000 - 0x00007ffe840f1000 	C:\WINDOWS\system32\USER32.dll
0x00007ffe843a0000 - 0x00007ffe84518000 	C:\WINDOWS\system32\ole32.dll
0x00007ffe82740000 - 0x00007ffe83b60000 	C:\WINDOWS\system32\SHELL32.dll
0x00007ffe81050000 - 0x00007ffe8106e000 	C:\WINDOWS\SYSTEM32\USERENV.dll
0x00007ffe82690000 - 0x00007ffe82735000 	C:\WINDOWS\system32\ADVAPI32.dll
0x00007ffe75bd0000 - 0x00007ffe75beb000 	C:\WINDOWS\SYSTEM32\MPR.dll
0x00007ffe84520000 - 0x00007ffe84657000 	C:\WINDOWS\system32\RPCRT4.dll
0x00007ffe84670000 - 0x00007ffe846c7000 	C:\WINDOWS\SYSTEM32\sechost.dll
0x00007ffe83c30000 - 0x00007ffe83e06000 	C:\WINDOWS\SYSTEM32\combase.dll
0x00007ffe82490000 - 0x00007ffe825d4000 	C:\WINDOWS\system32\GDI32.dll
0x00007ffe81a40000 - 0x00007ffe81a54000 	C:\WINDOWS\SYSTEM32\profapi.dll
0x00007ffe800a0000 - 0x00007ffe8013f000 	C:\WINDOWS\SYSTEM32\SHCORE.dll
0x00007ffe82450000 - 0x00007ffe82484000 	C:\WINDOWS\system32\IMM32.DLL
0x00007ffe82010000 - 0x00007ffe82149000 	C:\WINDOWS\system32\MSCTF.dll
0x00007ffe7f830000 - 0x00007ffe7fa8a000 	C:\WINDOWS\WinSxS\amd64_microsoft.windows.common-controls_6595b64144ccf1df_6.0.9600.17031_none_6242a4b3ecbb55a1\COMCTL32.dll
0x0000000062350000 - 0x0000000062422000 	C:\Program Files\Java\jdk1.7.0_51\jre\bin\msvcr100.dll
0x00000000627e0000 - 0x0000000062fa9000 	C:\Program Files\Java\jdk1.7.0_51\jre\bin\server\jvm.dll
0x00007ffe7b250000 - 0x00007ffe7b259000 	C:\WINDOWS\SYSTEM32\WSOCK32.dll
0x00007ffe7a420000 - 0x00007ffe7a43f000 	C:\WINDOWS\SYSTEM32\WINMM.dll
0x00007ffe83bc0000 - 0x00007ffe83bc7000 	C:\WINDOWS\system32\PSAPI.DLL
0x00007ffe83b60000 - 0x00007ffe83bb8000 	C:\WINDOWS\system32\WS2_32.dll
0x00007ffe7a3f0000 - 0x00007ffe7a41a000 	C:\WINDOWS\SYSTEM32\WINMMBASE.dll
0x00007ffe83f70000 - 0x00007ffe83f79000 	C:\WINDOWS\system32\NSI.dll
0x00007ffe81cd0000 - 0x00007ffe81d1a000 	C:\WINDOWS\SYSTEM32\cfgmgr32.dll
0x00007ffe808d0000 - 0x00007ffe808f6000 	C:\WINDOWS\SYSTEM32\DEVOBJ.dll
0x00000000627d0000 - 0x00000000627df000 	C:\Program Files\Java\jdk1.7.0_51\jre\bin\verify.dll
0x00000000627a0000 - 0x00000000627c8000 	C:\Program Files\Java\jdk1.7.0_51\jre\bin\java.dll
0x0000000062780000 - 0x0000000062795000 	C:\Program Files\Java\jdk1.7.0_51\jre\bin\zip.dll

VM Arguments:
jvm_args: -Xmx1024M -Dfile.encoding=windows-1252 -Duser.country=US -Duser.language=en -Duser.variant 
java_command: com.android.dx.command.Main --dex --num-threads=4 --output E:\Show NearBy Places\app\build\intermediates\pre-dexed\debug\classes-fcf5ee4e761cdb85b6bce383e6f250c1a748d244.jar E:\Show NearBy Places\app\build\intermediates\exploded-aar\com.google.android.gms\play-services-wallet\8.3.0\jars\classes.jar
Launcher Type: SUN_STANDARD

Environment Variables:
JAVA_HOME=C:\Program Files\Java\jdk1.7.0_51
CLASSPATH=D:\Sunbeam\Minor Projects\java\puzzle2009
PATH=C:\oraclexe\app\oracle\product\11.2.0\server\bin;;C:\WINDOWS\system32;C:\WINDOWS;C:\WINDOWS\System32\Wbem;C:\WINDOWS\System32\WindowsPowerShell\v1.0\;C:\Program Files\Microsoft SQL Server\110\Tools\Binn\;C:\Program Files\Microsoft\Web Platform Installer\;C:\Program Files (x86)\Microsoft ASP.NET\ASP.NET Web Pages\v1.0\;C:\Program Files (x86)\Windows Kits\8.0\Windows Performance Toolkit\;C:\Program Files (x86)\Microsoft SQL Server\100\Tools\Binn\;C:\Program Files\Microsoft SQL Server\100\Tools\Binn\;C:\Program Files\Microsoft SQL Server\100\DTS\Binn\;C:\Program Files\Java\jdk1.7.0_51\bin;C:\Program Files (x86)\Skype\Phone\;C:\Program Files (x86)\QuickTime\QTSystem\;
USERNAME=Amit
OS=Windows_NT
PROCESSOR_IDENTIFIER=Intel64 Family 6 Model 58 Stepping 9, GenuineIntel



---------------  S Y S T E M  ---------------

OS: Windows 8 , 64 bit Build 9200 

CPU:total 4 (2 cores per cpu, 2 threads per core) family 6 model 58 stepping 9, cmov, cx8, fxsr, mmx, sse, sse2, sse3, ssse3, sse4.1, sse4.2, popcnt, avx, aes, erms, ht, tsc, tscinvbit, tscinv

Memory: 4k page, physical 4087148k(751680k free), swap 7702892k(4420k free)

vm_info: Java HotSpot(TM) 64-Bit Server VM (24.51-b03) for windows-amd64 JRE (1.7.0_51-b13), built on Dec 18 2013 18:40:56 by "java_re" with unknown MS VC++:1600

time: Wed Apr 06 22:31:55 2016
elapsed time: 0 seconds

