#
# There is insufficient memory for the Java Runtime Environment to continue.
# Native memory allocation (malloc) failed to allocate 484096 bytes for Chunk::new
# Possible reasons:
#   The system is out of physical RAM or swap space
#   In 32 bit mode, the process size limit was hit
# Possible solutions:
#   Reduce memory load on the system
#   Increase physical memory or swap space
#   Check if swap backing store is full
#   Use 64 bit Java on a 64 bit OS
#   Decrease Java heap size (-Xmx/-Xms)
#   Decrease number of Java threads
#   Decrease Java thread stack sizes (-Xss)
#   Set larger code cache with -XX:ReservedCodeCacheSize=
# This output file may be truncated or incomplete.
#
#  Out of Memory Error (allocation.cpp:323), pid=28024, tid=20048
#
# JRE version: Java(TM) SE Runtime Environment (7.0_51-b13) (build 1.7.0_51-b13)
# Java VM: Java HotSpot(TM) 64-Bit Server VM (24.51-b03 mixed mode windows-amd64 compressed oops)
# Failed to write core dump. Minidumps are not enabled by default on client versions of Windows
#

---------------  T H R E A D  ---------------

Current thread (0x0000000007e14000):  JavaThread "C2 CompilerThread0" daemon [_thread_in_native, id=20048, stack(0x0000000009390000,0x0000000009490000)]

Stack: [0x0000000009390000,0x0000000009490000]
[error occurred during error reporting (printing stack bounds), id 0xc0000005]


[error occurred during error reporting (printing native stack), id 0xc0000005]


Current CompileTask:
C2:   1120  151             com.android.dx.ssa.SsaConverter::placePhiFunctions (394 bytes)


---------------  P R O C E S S  ---------------

Java Threads: ( => current thread )
  0x00000000099ab800 JavaThread "pool-1-thread-4" [_thread_in_Java, id=28788, stack(0x0000000009f90000,0x000000000a090000)]
  0x000000000990b000 JavaThread "pool-1-thread-3" [_thread_in_Java, id=24204, stack(0x0000000009e90000,0x0000000009f90000)]
  0x000000000990a800 JavaThread "pool-1-thread-2" [_thread_in_Java, id=6724, stack(0x0000000009d90000,0x0000000009e90000)]
  0x0000000009962800 JavaThread "pool-2-thread-1" [_thread_blocked, id=24428, stack(0x0000000009c90000,0x0000000009d90000)]
  0x0000000009961800 JavaThread "pool-1-thread-1" [_thread_in_vm, id=15464, stack(0x0000000009b90000,0x0000000009c90000)]
  0x0000000007e24000 JavaThread "Service Thread" daemon [_thread_blocked, id=12992, stack(0x0000000009590000,0x0000000009690000)]
  0x0000000007e21000 JavaThread "C2 CompilerThread1" daemon [_thread_in_native, id=18196, stack(0x0000000009490000,0x0000000009590000)]
=>0x0000000007e14000 JavaThread "C2 CompilerThread0" daemon [_thread_in_native, id=20048, stack(0x0000000009390000,0x0000000009490000)]
  0x0000000007e13000 JavaThread "Attach Listener" daemon [_thread_blocked, id=24392, stack(0x0000000009290000,0x0000000009390000)]
  0x0000000007e0f800 JavaThread "Signal Dispatcher" daemon [_thread_blocked, id=33192, stack(0x0000000009190000,0x0000000009290000)]
  0x0000000007dd8800 JavaThread "Finalizer" daemon [_thread_blocked, id=36568, stack(0x0000000009090000,0x0000000009190000)]
  0x0000000007dd3000 JavaThread "Reference Handler" daemon [_thread_blocked, id=32032, stack(0x0000000008f90000,0x0000000009090000)]
  0x0000000001f20800 JavaThread "main" [_thread_in_Java, id=27236, stack(0x0000000001d50000,0x0000000001e50000)]

Other Threads:
  0x0000000007dd1000 VMThread [stack: 0x0000000008e90000,0x0000000008f90000] [id=23272]
  0x0000000007e32800 WatcherThread [stack: 0x0000000009690000,0x0000000009790000] [id=31656]

VM state:not at safepoint (normal execution)

VM Mutex/Monitor currently owned by a thread: None

Heap
 PSYoungGen      total 18944K, used 11492K [0x00000000eaa80000, 0x00000000ebf80000, 0x0000000100000000)
  eden space 16384K, 54% used [0x00000000eaa80000,0x00000000eb33e4d0,0x00000000eba80000)
  from space 2560K, 99% used [0x00000000eba80000,0x00000000ebcfaef0,0x00000000ebd00000)
  to   space 2560K, 0% used [0x00000000ebd00000,0x00000000ebd00000,0x00000000ebf80000)
 ParOldGen       total 42496K, used 1411K [0x00000000c0000000, 0x00000000c2980000, 0x00000000eaa80000)
  object space 42496K, 3% used [0x00000000c0000000,0x00000000c0160f40,0x00000000c2980000)
 PSPermGen       total 21504K, used 5635K [0x00000000bae00000, 0x00000000bc300000, 0x00000000c0000000)
  object space 21504K, 26% used [0x00000000bae00000,0x00000000bb380e48,0x00000000bc300000)

Card table byte_map: [0x0000000005020000,0x0000000005250000] byte_map_base: 0x0000000004a49000

Polling page: 0x00000000005b0000

Code Cache  [0x0000000002020000, 0x0000000002290000, 0x0000000005020000)
 total_blobs=406 nmethods=169 adapters=189 free_code_cache=48492Kb largest_free_block=49626304

Compilation events (10 events):
Event: 1.042 Thread 0x0000000007e21000 nmethod 150 0x00000000020bbe90 code [0x00000000020bbfe0, 0x00000000020bc0b8]
Event: 1.042 Thread 0x0000000007e21000  152             com.android.dx.ssa.DeadCodeRemover::hasSideEffect (11 bytes)
Event: 1.045 Thread 0x0000000007e21000 nmethod 152 0x00000000020bda90 code [0x00000000020bdbe0, 0x00000000020bdd48]
Event: 1.045 Thread 0x0000000007e21000  153             java.util.BitSet::clear (70 bytes)
Event: 1.047 Thread 0x0000000007e21000 nmethod 153 0x00000000020bd750 code [0x00000000020bd8a0, 0x00000000020bd998]
Event: 1.048 Thread 0x0000000007e21000  154             java.util.Arrays::copyOf (47 bytes)
Event: 1.050 Thread 0x0000000007e21000 nmethod 154 0x00000000020bd310 code [0x00000000020bd460, 0x00000000020bd5f8]
Event: 1.050 Thread 0x0000000007e21000  155             java.util.Arrays::copyOf (13 bytes)
Event: 1.053 Thread 0x0000000007e21000 nmethod 155 0x00000000020bcf50 code [0x00000000020bd080, 0x00000000020bd218]
Event: 1.053 Thread 0x0000000007e21000  156             com.android.dx.ssa.SsaMethod::mapRegisters (87 bytes)

GC Heap History (2 events):
Event: 0.877 GC heap before
{Heap before GC invocations=1 (full 0):
 PSYoungGen      total 18944K, used 16384K [0x00000000eaa80000, 0x00000000ebf80000, 0x0000000100000000)
  eden space 16384K, 100% used [0x00000000eaa80000,0x00000000eba80000,0x00000000eba80000)
  from space 2560K, 0% used [0x00000000ebd00000,0x00000000ebd00000,0x00000000ebf80000)
  to   space 2560K, 0% used [0x00000000eba80000,0x00000000eba80000,0x00000000ebd00000)
 ParOldGen       total 42496K, used 0K [0x00000000c0000000, 0x00000000c2980000, 0x00000000eaa80000)
  object space 42496K, 0% used [0x00000000c0000000,0x00000000c0000000,0x00000000c2980000)
 PSPermGen       total 21504K, used 5536K [0x00000000bae00000, 0x00000000bc300000, 0x00000000c0000000)
  object space 21504K, 25% used [0x00000000bae00000,0x00000000bb368190,0x00000000bc300000)
Event: 0.884 GC heap after
Heap after GC invocations=1 (full 0):
 PSYoungGen      total 18944K, used 2539K [0x00000000eaa80000, 0x00000000ebf80000, 0x0000000100000000)
  eden space 16384K, 0% used [0x00000000eaa80000,0x00000000eaa80000,0x00000000eba80000)
  from space 2560K, 99% used [0x00000000eba80000,0x00000000ebcfaef0,0x00000000ebd00000)
  to   space 2560K, 0% used [0x00000000ebd00000,0x00000000ebd00000,0x00000000ebf80000)
 ParOldGen       total 42496K, used 1411K [0x00000000c0000000, 0x00000000c2980000, 0x00000000eaa80000)
  object space 42496K, 3% used [0x00000000c0000000,0x00000000c0160f40,0x00000000c2980000)
 PSPermGen       total 21504K, used 5536K [0x00000000bae00000, 0x00000000bc300000, 0x00000000c0000000)
  object space 21504K, 25% used [0x00000000bae00000,0x00000000bb368190,0x00000000bc300000)
}

Deoptimization events (1 events):
Event: 0.936 Thread 0x0000000009961800 Uncommon trap: reason=null_check action=make_not_entrant pc=0x00000000020a5038 method=com.android.dx.rop.code.LocalItem.equals(Ljava/lang/Object;)Z @ 1

Internal exceptions (10 events):
Event: 0.699 Thread 0x000000000990a800 Threw 0x00000000eb525120 at C:\re\jdk7u51\527\hotspot\src\share\vm\prims\jvm.cpp:1244
Event: 0.700 Thread 0x000000000990a800 Threw 0x00000000eb52a440 at C:\re\jdk7u51\527\hotspot\src\share\vm\prims\jvm.cpp:1244
Event: 0.701 Thread 0x00000000099ab800 Threw 0x00000000eb560360 at C:\re\jdk7u51\527\hotspot\src\share\vm\prims\jvm.cpp:1244
Event: 0.704 Thread 0x0000000001f20800 Threw 0x00000000eb363bc0 at C:\re\jdk7u51\527\hotspot\src\share\vm\prims\jvm.cpp:1244
Event: 0.705 Thread 0x000000000990a800 Threw 0x00000000eb52dda0 at C:\re\jdk7u51\527\hotspot\src\share\vm\prims\jvm.cpp:1244
Event: 0.706 Thread 0x0000000009961800 Threw 0x00000000eb131398 at C:\re\jdk7u51\527\hotspot\src\share\vm\prims\jvm.cpp:1244
Event: 0.708 Thread 0x0000000001f20800 Threw 0x00000000eb36cad8 at C:\re\jdk7u51\527\hotspot\src\share\vm\prims\jvm.cpp:1244
Event: 0.712 Thread 0x0000000001f20800 Threw 0x00000000eb378988 at C:\re\jdk7u51\527\hotspot\src\share\vm\prims\jvm.cpp:1244
Event: 0.728 Thread 0x0000000009961800 Threw 0x00000000eb5dde48 at C:\re\jdk7u51\527\hotspot\src\share\vm\prims\jvm.cpp:1244
Event: 0.936 Thread 0x0000000009961800 Implicit null exception at 0x00000000020a4ce3 to 0x00000000020a501d

Events (10 events):
Event: 0.715 loading class 0x0000000007e2fe40 done
Event: 0.728 loading class 0x0000000009aa8360
Event: 0.728 loading class 0x0000000009aa8360 done
Event: 0.863 loading class 0x0000000001f952a0
Event: 0.864 loading class 0x0000000001f952a0 done
Event: 0.875 Executing VM operation: ParallelGCFailedAllocation
Event: 0.884 Executing VM operation: ParallelGCFailedAllocation done
Event: 0.936 Thread 0x0000000009961800 Uncommon trap: trap_request=0xfffffff4 fr.pc=0x00000000020a5038
Event: 0.936 Thread 0x0000000009961800 DEOPT PACKING pc=0x00000000020a5038 sp=0x0000000009c8e890
Event: 0.936 Thread 0x0000000009961800 DEOPT UNPACKING pc=0x00000000020575a4 sp=0x0000000009c8e7d0 mode 2


Dynamic libraries:
0x00007ff7100d0000 - 0x00007ff710103000 	C:\Program Files\Java\jdk1.7.0_51\bin\java.exe
0x00007ffe859f0000 - 0x00007ffe85b9a000 	C:\WINDOWS\SYSTEM32\ntdll.dll
0x00007ffe82170000 - 0x00007ffe822aa000 	C:\WINDOWS\system32\KERNEL32.DLL
0x00007ffe6b680000 - 0x00007ffe6b6b2000 	C:\Program Files (x86)\AVG\Av\avghooka.dll
0x00007ffe81b10000 - 0x00007ffe81c1f000 	C:\WINDOWS\system32\KERNELBASE.dll
0x00007ffe80670000 - 0x00007ffe806f8000 	C:\WINDOWS\system32\apphelp.dll
0x00007ffe745d0000 - 0x00007ffe7461f000 	C:\WINDOWS\AppPatch\AppPatch64\AcGenral.DLL
0x00007ffe842e0000 - 0x00007ffe84387000 	C:\WINDOWS\system32\msvcrt.dll
0x00007ffe81880000 - 0x00007ffe818ab000 	C:\WINDOWS\SYSTEM32\SspiCli.dll
0x00007ffe83f10000 - 0x00007ffe83f61000 	C:\WINDOWS\system32\SHLWAPI.dll
0x00007ffe83f80000 - 0x00007ffe840f1000 	C:\WINDOWS\system32\USER32.dll
0x00007ffe843a0000 - 0x00007ffe84518000 	C:\WINDOWS\system32\ole32.dll
0x00007ffe82740000 - 0x00007ffe83b60000 	C:\WINDOWS\system32\SHELL32.dll
0x00007ffe81050000 - 0x00007ffe8106e000 	C:\WINDOWS\SYSTEM32\USERENV.dll
0x00007ffe82690000 - 0x00007ffe82735000 	C:\WINDOWS\system32\ADVAPI32.dll
0x00007ffe75bd0000 - 0x00007ffe75beb000 	C:\WINDOWS\SYSTEM32\MPR.dll
0x00007ffe84520000 - 0x00007ffe84657000 	C:\WINDOWS\system32\RPCRT4.dll
0x00007ffe84670000 - 0x00007ffe846c7000 	C:\WINDOWS\SYSTEM32\sechost.dll
0x00007ffe83c30000 - 0x00007ffe83e06000 	C:\WINDOWS\SYSTEM32\combase.dll
0x00007ffe82490000 - 0x00007ffe825d4000 	C:\WINDOWS\system32\GDI32.dll
0x00007ffe81a40000 - 0x00007ffe81a54000 	C:\WINDOWS\SYSTEM32\profapi.dll
0x00007ffe800a0000 - 0x00007ffe8013f000 	C:\WINDOWS\SYSTEM32\SHCORE.dll
0x00007ffe82450000 - 0x00007ffe82484000 	C:\WINDOWS\system32\IMM32.DLL
0x00007ffe82010000 - 0x00007ffe82149000 	C:\WINDOWS\system32\MSCTF.dll
0x00007ffe7f830000 - 0x00007ffe7fa8a000 	C:\WINDOWS\WinSxS\amd64_microsoft.windows.common-controls_6595b64144ccf1df_6.0.9600.17031_none_6242a4b3ecbb55a1\COMCTL32.dll
0x0000000062350000 - 0x0000000062422000 	C:\Program Files\Java\jdk1.7.0_51\jre\bin\msvcr100.dll
0x00000000627e0000 - 0x0000000062fa9000 	C:\Program Files\Java\jdk1.7.0_51\jre\bin\server\jvm.dll
0x00007ffe7b250000 - 0x00007ffe7b259000 	C:\WINDOWS\SYSTEM32\WSOCK32.dll
0x00007ffe7a420000 - 0x00007ffe7a43f000 	C:\WINDOWS\SYSTEM32\WINMM.dll
0x00007ffe83bc0000 - 0x00007ffe83bc7000 	C:\WINDOWS\system32\PSAPI.DLL
0x00007ffe83b60000 - 0x00007ffe83bb8000 	C:\WINDOWS\system32\WS2_32.dll
0x00007ffe7a3f0000 - 0x00007ffe7a41a000 	C:\WINDOWS\SYSTEM32\WINMMBASE.dll
0x00007ffe83f70000 - 0x00007ffe83f79000 	C:\WINDOWS\system32\NSI.dll
0x00007ffe81cd0000 - 0x00007ffe81d1a000 	C:\WINDOWS\SYSTEM32\cfgmgr32.dll
0x00007ffe808d0000 - 0x00007ffe808f6000 	C:\WINDOWS\SYSTEM32\DEVOBJ.dll
0x00000000627d0000 - 0x00000000627df000 	C:\Program Files\Java\jdk1.7.0_51\jre\bin\verify.dll
0x00000000627a0000 - 0x00000000627c8000 	C:\Program Files\Java\jdk1.7.0_51\jre\bin\java.dll
0x0000000062780000 - 0x0000000062795000 	C:\Program Files\Java\jdk1.7.0_51\jre\bin\zip.dll
0x0000000062760000 - 0x0000000062779000 	C:\Program Files\Java\jdk1.7.0_51\jre\bin\net.dll
0x00007ffe812a0000 - 0x00007ffe812f8000 	C:\WINDOWS\system32\mswsock.dll
0x0000000062740000 - 0x0000000062751000 	C:\Program Files\Java\jdk1.7.0_51\jre\bin\nio.dll

VM Arguments:
jvm_args: -Xmx1024M -Dfile.encoding=windows-1252 -Duser.country=US -Duser.language=en -Duser.variant 
java_command: com.android.dx.command.Main --dex --num-threads=4 --output E:\Show NearBy Places\app\build\intermediates\pre-dexed\debug\classes-52ea2366b00b2411fbdb2d4256991950971b9bcf.jar E:\Show NearBy Places\app\build\intermediates\exploded-aar\com.google.android.gms\play-services-cast\8.3.0\jars\classes.jar
Launcher Type: SUN_STANDARD

Environment Variables:
JAVA_HOME=C:\Program Files\Java\jdk1.7.0_51
CLASSPATH=D:\Sunbeam\Minor Projects\java\puzzle2009
PATH=C:\oraclexe\app\oracle\product\11.2.0\server\bin;;C:\WINDOWS\system32;C:\WINDOWS;C:\WINDOWS\System32\Wbem;C:\WINDOWS\System32\WindowsPowerShell\v1.0\;C:\Program Files\Microsoft SQL Server\110\Tools\Binn\;C:\Program Files\Microsoft\Web Platform Installer\;C:\Program Files (x86)\Microsoft ASP.NET\ASP.NET Web Pages\v1.0\;C:\Program Files (x86)\Windows Kits\8.0\Windows Performance Toolkit\;C:\Program Files (x86)\Microsoft SQL Server\100\Tools\Binn\;C:\Program Files\Microsoft SQL Server\100\Tools\Binn\;C:\Program Files\Microsoft SQL Server\100\DTS\Binn\;C:\Program Files\Java\jdk1.7.0_51\bin;C:\Program Files (x86)\Skype\Phone\;C:\Program Files (x86)\QuickTime\QTSystem\;
USERNAME=Amit
OS=Windows_NT
PROCESSOR_IDENTIFIER=Intel64 Family 6 Model 58 Stepping 9, GenuineIntel



---------------  S Y S T E M  ---------------

OS: Windows 8 , 64 bit Build 9200 

CPU:total 4 (2 cores per cpu, 2 threads per core) family 6 model 58 stepping 9, cmov, cx8, fxsr, mmx, sse, sse2, sse3, ssse3, sse4.1, sse4.2, popcnt, avx, aes, erms, ht, tsc, tscinvbit, tscinv

Memory: 4k page, physical 4087148k(699604k free), swap 7702892k(5372k free)

vm_info: Java HotSpot(TM) 64-Bit Server VM (24.51-b03) for windows-amd64 JRE (1.7.0_51-b13), built on Dec 18 2013 18:40:56 by "java_re" with unknown MS VC++:1600

time: Wed Apr 06 22:32:06 2016
elapsed time: 1 seconds

