#
# There is insufficient memory for the Java Runtime Environment to continue.
# Native memory allocation (malloc) failed to allocate 32744 bytes for ChunkPool::allocate
# Possible reasons:
#   The system is out of physical RAM or swap space
#   In 32 bit mode, the process size limit was hit
# Possible solutions:
#   Reduce memory load on the system
#   Increase physical memory or swap space
#   Check if swap backing store is full
#   Use 64 bit Java on a 64 bit OS
#   Decrease Java heap size (-Xmx/-Xms)
#   Decrease number of Java threads
#   Decrease Java thread stack sizes (-Xss)
#   Set larger code cache with -XX:ReservedCodeCacheSize=
# This output file may be truncated or incomplete.
#
#  Out of Memory Error (allocation.cpp:211), pid=33356, tid=18224
#
# JRE version: Java(TM) SE Runtime Environment (7.0_51-b13) (build 1.7.0_51-b13)
# Java VM: Java HotSpot(TM) 64-Bit Server VM (24.51-b03 mixed mode windows-amd64 compressed oops)
# Failed to write core dump. Minidumps are not enabled by default on client versions of Windows
#

---------------  T H R E A D  ---------------

Current thread (0x00000000085b5800):  JavaThread "C2 CompilerThread1" daemon [_thread_in_native, id=18224, stack(0x0000000009c20000,0x0000000009d20000)]

Stack: [0x0000000009c20000,0x0000000009d20000]

Current CompileTask:
C2:   5321  475   !         com.android.dx.cf.code.BytecodeArray::parseInstruction (2764 bytes)


---------------  P R O C E S S  ---------------

Java Threads: ( => current thread )
  0x000000000a20b800 JavaThread "pool-1-thread-4" [_thread_in_Java, id=5380, stack(0x000000000a720000,0x000000000a820000)]
  0x0000000009fcc800 JavaThread "pool-1-thread-3" [_thread_blocked, id=5812, stack(0x000000000a620000,0x000000000a720000)]
  0x000000000a1be800 JavaThread "pool-1-thread-2" [_thread_in_vm, id=6748, stack(0x000000000a520000,0x000000000a620000)]
  0x0000000009f2a000 JavaThread "pool-2-thread-1" [_thread_blocked, id=27604, stack(0x000000000a420000,0x000000000a520000)]
  0x000000000a123800 JavaThread "pool-1-thread-1" [_thread_in_Java, id=40128, stack(0x000000000a320000,0x000000000a420000)]
  0x00000000085c7800 JavaThread "Service Thread" daemon [_thread_blocked, id=31684, stack(0x0000000009d20000,0x0000000009e20000)]
=>0x00000000085b5800 JavaThread "C2 CompilerThread1" daemon [_thread_in_native, id=18224, stack(0x0000000009c20000,0x0000000009d20000)]
  0x00000000085b3800 JavaThread "C2 CompilerThread0" daemon [_thread_in_native, id=40608, stack(0x0000000009b20000,0x0000000009c20000)]
  0x00000000085b2800 JavaThread "Attach Listener" daemon [_thread_blocked, id=11404, stack(0x0000000009a20000,0x0000000009b20000)]
  0x00000000085af000 JavaThread "Signal Dispatcher" daemon [_thread_blocked, id=16580, stack(0x0000000009920000,0x0000000009a20000)]
  0x000000000857e000 JavaThread "Finalizer" daemon [_thread_blocked, id=40552, stack(0x0000000009820000,0x0000000009920000)]
  0x0000000008573000 JavaThread "Reference Handler" daemon [_thread_blocked, id=35380, stack(0x0000000009720000,0x0000000009820000)]
  0x0000000002620800 JavaThread "main" [_thread_blocked, id=28076, stack(0x0000000002470000,0x0000000002570000)]

Other Threads:
  0x0000000008571000 VMThread [stack: 0x0000000009620000,0x0000000009720000] [id=34484]
  0x00000000085d2000 WatcherThread [stack: 0x0000000009e20000,0x0000000009f20000] [id=40048]

VM state:not at safepoint (normal execution)

VM Mutex/Monitor currently owned by a thread: None

Heap
 PSYoungGen      total 73216K, used 43514K [0x00000000eaa80000, 0x00000000efd80000, 0x0000000100000000)
  eden space 64512K, 55% used [0x00000000eaa80000,0x00000000ecd31d78,0x00000000ee980000)
  from space 8704K, 91% used [0x00000000ef300000,0x00000000efaccd70,0x00000000efb80000)
  to   space 9728K, 0% used [0x00000000ee980000,0x00000000ee980000,0x00000000ef300000)
 ParOldGen       total 42496K, used 15664K [0x00000000c0000000, 0x00000000c2980000, 0x00000000eaa80000)
  object space 42496K, 36% used [0x00000000c0000000,0x00000000c0f4c060,0x00000000c2980000)
 PSPermGen       total 21504K, used 5906K [0x00000000bae00000, 0x00000000bc300000, 0x00000000c0000000)
  object space 21504K, 27% used [0x00000000bae00000,0x00000000bb3c4878,0x00000000bc300000)

Card table byte_map: [0x00000000057e0000,0x0000000005a10000] byte_map_base: 0x0000000005209000

Polling page: 0x0000000002570000

Code Cache  [0x0000000002720000, 0x0000000002990000, 0x0000000005720000)
 total_blobs=706 nmethods=469 adapters=189 free_code_cache=47338Kb largest_free_block=48431104

Compilation events (10 events):
Event: 4.994 Thread 0x00000000085b5800 nmethod 470 0x000000000280fa50 code [0x000000000280fb80, 0x000000000280fc38]
Event: 4.994 Thread 0x00000000085b5800  471   !         com.android.dx.rop.code.LocalVariableInfo::setStarts (40 bytes)
Event: 4.995 Thread 0x00000000085b5800 nmethod 471 0x00000000028dae10 code [0x00000000028daf60, 0x00000000028db038]
Event: 4.995 Thread 0x00000000085b5800  472             com.android.dx.util.IntList::makeImmutable (20 bytes)
Event: 4.997 Thread 0x00000000085b5800 nmethod 472 0x00000000028daa10 code [0x00000000028dab60, 0x00000000028dacd8]
Event: 4.997 Thread 0x00000000085b5800  473   !         com.android.dx.rop.type.Type::intern (319 bytes)
Event: 5.018 Thread 0x00000000085b5800 nmethod 473 0x00000000028241d0 code [0x00000000028243e0, 0x0000000002825410]
Event: 5.018 Thread 0x00000000085b5800  474             com.android.dx.cf.attrib.BaseAttribute::getName (5 bytes)
Event: 5.018 Thread 0x00000000085b5800 nmethod 474 0x00000000028da810 code [0x00000000028da940, 0x00000000028da998]
Event: 5.018 Thread 0x00000000085b5800  475   !         com.android.dx.cf.code.BytecodeArray::parseInstruction (2764 bytes)

GC Heap History (10 events):
Event: 2.922 GC heap before
{Heap before GC invocations=2 (full 0):
 PSYoungGen      total 18944K, used 18935K [0x00000000eaa80000, 0x00000000ebf80000, 0x0000000100000000)
  eden space 16384K, 100% used [0x00000000eaa80000,0x00000000eba80000,0x00000000eba80000)
  from space 2560K, 99% used [0x00000000eba80000,0x00000000ebcfdc78,0x00000000ebd00000)
  to   space 2560K, 0% used [0x00000000ebd00000,0x00000000ebd00000,0x00000000ebf80000)
 ParOldGen       total 42496K, used 1291K [0x00000000c0000000, 0x00000000c2980000, 0x00000000eaa80000)
  object space 42496K, 3% used [0x00000000c0000000,0x00000000c0142c70,0x00000000c2980000)
 PSPermGen       total 21504K, used 5727K [0x00000000bae00000, 0x00000000bc300000, 0x00000000c0000000)
  object space 21504K, 26% used [0x00000000bae00000,0x00000000bb397ca0,0x00000000bc300000)
Event: 2.934 GC heap after
Heap after GC invocations=2 (full 0):
 PSYoungGen      total 18944K, used 2544K [0x00000000eaa80000, 0x00000000ecf80000, 0x0000000100000000)
  eden space 16384K, 0% used [0x00000000eaa80000,0x00000000eaa80000,0x00000000eba80000)
  from space 2560K, 99% used [0x00000000ebd00000,0x00000000ebf7c028,0x00000000ebf80000)
  to   space 2560K, 0% used [0x00000000eba80000,0x00000000eba80000,0x00000000ebd00000)
 ParOldGen       total 42496K, used 3381K [0x00000000c0000000, 0x00000000c2980000, 0x00000000eaa80000)
  object space 42496K, 7% used [0x00000000c0000000,0x00000000c034d7d8,0x00000000c2980000)
 PSPermGen       total 21504K, used 5727K [0x00000000bae00000, 0x00000000bc300000, 0x00000000c0000000)
  object space 21504K, 26% used [0x00000000bae00000,0x00000000bb397ca0,0x00000000bc300000)
}
Event: 3.304 GC heap before
{Heap before GC invocations=3 (full 0):
 PSYoungGen      total 18944K, used 18928K [0x00000000eaa80000, 0x00000000ecf80000, 0x0000000100000000)
  eden space 16384K, 100% used [0x00000000eaa80000,0x00000000eba80000,0x00000000eba80000)
  from space 2560K, 99% used [0x00000000ebd00000,0x00000000ebf7c028,0x00000000ebf80000)
  to   space 2560K, 0% used [0x00000000eba80000,0x00000000eba80000,0x00000000ebd00000)
 ParOldGen       total 42496K, used 3381K [0x00000000c0000000, 0x00000000c2980000, 0x00000000eaa80000)
  object space 42496K, 7% used [0x00000000c0000000,0x00000000c034d7d8,0x00000000c2980000)
 PSPermGen       total 21504K, used 5789K [0x00000000bae00000, 0x00000000bc300000, 0x00000000c0000000)
  object space 21504K, 26% used [0x00000000bae00000,0x00000000bb3a7470,0x00000000bc300000)
Event: 3.320 GC heap after
Heap after GC invocations=3 (full 0):
 PSYoungGen      total 18944K, used 2528K [0x00000000eaa80000, 0x00000000ecf80000, 0x0000000100000000)
  eden space 16384K, 0% used [0x00000000eaa80000,0x00000000eaa80000,0x00000000eba80000)
  from space 2560K, 98% used [0x00000000eba80000,0x00000000ebcf8028,0x00000000ebd00000)
  to   space 2560K, 0% used [0x00000000ecd00000,0x00000000ecd00000,0x00000000ecf80000)
 ParOldGen       total 42496K, used 7026K [0x00000000c0000000, 0x00000000c2980000, 0x00000000eaa80000)
  object space 42496K, 16% used [0x00000000c0000000,0x00000000c06dc8c8,0x00000000c2980000)
 PSPermGen       total 21504K, used 5789K [0x00000000bae00000, 0x00000000bc300000, 0x00000000c0000000)
  object space 21504K, 26% used [0x00000000bae00000,0x00000000bb3a7470,0x00000000bc300000)
}
Event: 3.648 GC heap before
{Heap before GC invocations=4 (full 0):
 PSYoungGen      total 18944K, used 18912K [0x00000000eaa80000, 0x00000000ecf80000, 0x0000000100000000)
  eden space 16384K, 100% used [0x00000000eaa80000,0x00000000eba80000,0x00000000eba80000)
  from space 2560K, 98% used [0x00000000eba80000,0x00000000ebcf8028,0x00000000ebd00000)
  to   space 2560K, 0% used [0x00000000ecd00000,0x00000000ecd00000,0x00000000ecf80000)
 ParOldGen       total 42496K, used 7026K [0x00000000c0000000, 0x00000000c2980000, 0x00000000eaa80000)
  object space 42496K, 16% used [0x00000000c0000000,0x00000000c06dc8c8,0x00000000c2980000)
 PSPermGen       total 21504K, used 5817K [0x00000000bae00000, 0x00000000bc300000, 0x00000000c0000000)
  object space 21504K, 27% used [0x00000000bae00000,0x00000000bb3ae6c8,0x00000000bc300000)
Event: 3.663 GC heap after
Heap after GC invocations=4 (full 0):
 PSYoungGen      total 35328K, used 2528K [0x00000000eaa80000, 0x00000000ecf80000, 0x0000000100000000)
  eden space 32768K, 0% used [0x00000000eaa80000,0x00000000eaa80000,0x00000000eca80000)
  from space 2560K, 98% used [0x00000000ecd00000,0x00000000ecf78028,0x00000000ecf80000)
  to   space 2560K, 0% used [0x00000000eca80000,0x00000000eca80000,0x00000000ecd00000)
 ParOldGen       total 42496K, used 10067K [0x00000000c0000000, 0x00000000c2980000, 0x00000000eaa80000)
  object space 42496K, 23% used [0x00000000c0000000,0x00000000c09d4cb0,0x00000000c2980000)
 PSPermGen       total 21504K, used 5817K [0x00000000bae00000, 0x00000000bc300000, 0x00000000c0000000)
  object space 21504K, 27% used [0x00000000bae00000,0x00000000bb3ae6c8,0x00000000bc300000)
}
Event: 4.200 GC heap before
{Heap before GC invocations=5 (full 0):
 PSYoungGen      total 35328K, used 35296K [0x00000000eaa80000, 0x00000000ecf80000, 0x0000000100000000)
  eden space 32768K, 100% used [0x00000000eaa80000,0x00000000eca80000,0x00000000eca80000)
  from space 2560K, 98% used [0x00000000ecd00000,0x00000000ecf78028,0x00000000ecf80000)
  to   space 2560K, 0% used [0x00000000eca80000,0x00000000eca80000,0x00000000ecd00000)
 ParOldGen       total 42496K, used 10067K [0x00000000c0000000, 0x00000000c2980000, 0x00000000eaa80000)
  object space 42496K, 23% used [0x00000000c0000000,0x00000000c09d4cb0,0x00000000c2980000)
 PSPermGen       total 21504K, used 5848K [0x00000000bae00000, 0x00000000bc300000, 0x00000000c0000000)
  object space 21504K, 27% used [0x00000000bae00000,0x00000000bb3b60d8,0x00000000bc300000)
Event: 4.222 GC heap after
Heap after GC invocations=5 (full 0):
 PSYoungGen      total 35328K, used 2547K [0x00000000eaa80000, 0x00000000efb80000, 0x0000000100000000)
  eden space 32768K, 0% used [0x00000000eaa80000,0x00000000eaa80000,0x00000000eca80000)
  from space 2560K, 99% used [0x00000000eca80000,0x00000000eccfcd70,0x00000000ecd00000)
  to   space 8704K, 0% used [0x00000000ef300000,0x00000000ef300000,0x00000000efb80000)
 ParOldGen       total 42496K, used 15664K [0x00000000c0000000, 0x00000000c2980000, 0x00000000eaa80000)
  object space 42496K, 36% used [0x00000000c0000000,0x00000000c0f4c060,0x00000000c2980000)
 PSPermGen       total 21504K, used 5848K [0x00000000bae00000, 0x00000000bc300000, 0x00000000c0000000)
  object space 21504K, 27% used [0x00000000bae00000,0x00000000bb3b60d8,0x00000000bc300000)
}
Event: 4.756 GC heap before
{Heap before GC invocations=6 (full 0):
 PSYoungGen      total 35328K, used 35315K [0x00000000eaa80000, 0x00000000efb80000, 0x0000000100000000)
  eden space 32768K, 100% used [0x00000000eaa80000,0x00000000eca80000,0x00000000eca80000)
  from space 2560K, 99% used [0x00000000eca80000,0x00000000eccfcd70,0x00000000ecd00000)
  to   space 8704K, 0% used [0x00000000ef300000,0x00000000ef300000,0x00000000efb80000)
 ParOldGen       total 42496K, used 15664K [0x00000000c0000000, 0x00000000c2980000, 0x00000000eaa80000)
  object space 42496K, 36% used [0x00000000c0000000,0x00000000c0f4c060,0x00000000c2980000)
 PSPermGen       total 21504K, used 5872K [0x00000000bae00000, 0x00000000bc300000, 0x00000000c0000000)
  object space 21504K, 27% used [0x00000000bae00000,0x00000000bb3bc268,0x00000000bc300000)
Event: 4.787 GC heap after
Heap after GC invocations=6 (full 0):
 PSYoungGen      total 73216K, used 7987K [0x00000000eaa80000, 0x00000000efd80000, 0x0000000100000000)
  eden space 64512K, 0% used [0x00000000eaa80000,0x00000000eaa80000,0x00000000ee980000)
  from space 8704K, 91% used [0x00000000ef300000,0x00000000efaccd70,0x00000000efb80000)
  to   space 9728K, 0% used [0x00000000ee980000,0x00000000ee980000,0x00000000ef300000)
 ParOldGen       total 42496K, used 15664K [0x00000000c0000000, 0x00000000c2980000, 0x00000000eaa80000)
  object space 42496K, 36% used [0x00000000c0000000,0x00000000c0f4c060,0x00000000c2980000)
 PSPermGen       total 21504K, used 5872K [0x00000000bae00000, 0x00000000bc300000, 0x00000000c0000000)
  object space 21504K, 27% used [0x00000000bae00000,0x00000000bb3bc268,0x00000000bc300000)
}

Deoptimization events (10 events):
Event: 3.280 Thread 0x0000000002620800 Uncommon trap: reason=unreached action=reinterpret pc=0x000000000280fd78 method=com.android.dx.util.LabeledList.set(ILcom/android/dx/util/LabeledItem;)V @ 16
Event: 3.781 Thread 0x000000000a1be800 Uncommon trap: reason=bimorphic action=maybe_recompile pc=0x00000000028414a4 method=com.android.dx.cf.code.BytecodeArray.parseInstruction(ILcom/android/dx/cf/code/BytecodeArray$Visitor;)I @ 939
Event: 3.782 Thread 0x000000000a1be800 Uncommon trap: reason=bimorphic action=maybe_recompile pc=0x00000000028413a4 method=com.android.dx.cf.code.BytecodeArray.parseInstruction(ILcom/android/dx/cf/code/BytecodeArray$Visitor;)I @ 907
Event: 3.782 Thread 0x000000000a1be800 Uncommon trap: reason=bimorphic action=maybe_recompile pc=0x00000000028413a4 method=com.android.dx.cf.code.BytecodeArray.parseInstruction(ILcom/android/dx/cf/code/BytecodeArray$Visitor;)I @ 907
Event: 3.782 Thread 0x000000000a1be800 Uncommon trap: reason=bimorphic action=maybe_recompile pc=0x0000000002841424 method=com.android.dx.cf.code.BytecodeArray.parseInstruction(ILcom/android/dx/cf/code/BytecodeArray$Visitor;)I @ 923
Event: 3.782 Thread 0x000000000a1be800 Uncommon trap: reason=bimorphic action=maybe_recompile pc=0x0000000002841424 method=com.android.dx.cf.code.BytecodeArray.parseInstruction(ILcom/android/dx/cf/code/BytecodeArray$Visitor;)I @ 923
Event: 3.812 Thread 0x0000000002620800 Uncommon trap: reason=null_check action=make_not_entrant pc=0x000000000285c9a4 method=com.android.dx.rop.type.Type.putIntern(Lcom/android/dx/rop/type/Type;)Lcom/android/dx/rop/type/Type; @ 18
Event: 4.799 Thread 0x0000000002620800 Uncommon trap: reason=unloaded action=reinterpret pc=0x000000000288162c method=com.android.dx.cf.cst.ConstantPoolParser.parse0(ILjava/util/BitSet;)Lcom/android/dx/rop/cst/Constant; @ 220
Event: 4.810 Thread 0x0000000002620800 Uncommon trap: reason=bimorphic action=maybe_recompile pc=0x00000000028aa1e4 method=com.android.dx.cf.code.RopperMachine.run(Lcom/android/dx/cf/code/Frame;II)V @ 988
Event: 4.810 Thread 0x0000000002620800 Uncommon trap: reason=bimorphic action=maybe_recompile pc=0x00000000028aa1e4 method=com.android.dx.cf.code.RopperMachine.run(Lcom/android/dx/cf/code/Frame;II)V @ 988

Internal exceptions (10 events):
Event: 2.512 Thread 0x0000000002620800 Implicit null exception at 0x00000000027aa322 to 0x00000000027aa671
Event: 2.635 Thread 0x0000000002620800 Threw 0x00000000eb1d6da8 at C:\re\jdk7u51\527\hotspot\src\share\vm\prims\jvm.cpp:1244
Event: 2.752 Thread 0x0000000009fcc800 Threw 0x00000000eb568c68 at C:\re\jdk7u51\527\hotspot\src\share\vm\prims\jvm.cpp:1244
Event: 2.847 Thread 0x0000000009fcc800 Implicit null exception at 0x00000000027e2552 to 0x00000000027e3229
Event: 3.252 Thread 0x0000000002620800 Threw 0x00000000eb843e48 at C:\re\jdk7u51\527\hotspot\src\share\vm\prims\jvm.cpp:1244
Event: 3.261 Thread 0x0000000002620800 Threw 0x00000000eb8f0530 at C:\re\jdk7u51\527\hotspot\src\share\vm\prims\jvm.cpp:1244
Event: 3.274 Thread 0x0000000002620800 Threw 0x00000000eb95ebd0 at C:\re\jdk7u51\527\hotspot\src\share\vm\prims\jvm.cpp:1244
Event: 3.781 Thread 0x000000000a1be800 Threw 0x00000000eb29f1a8 at C:\re\jdk7u51\527\hotspot\src\share\vm\prims\jvm.cpp:1244
Event: 3.812 Thread 0x0000000002620800 Implicit null exception at 0x000000000285c2b3 to 0x000000000285c995
Event: 4.305 Thread 0x0000000009fcc800 Threw 0x00000000eb1f4510 at C:\re\jdk7u51\527\hotspot\src\share\vm\prims\jvm.cpp:1244

Events (10 events):
Event: 4.799 Thread 0x0000000002620800 DEOPT PACKING pc=0x000000000288162c sp=0x000000000256e8b0
Event: 4.799 Thread 0x0000000002620800 DEOPT UNPACKING pc=0x00000000027575a4 sp=0x000000000256e850 mode 2
Event: 4.810 Thread 0x0000000002620800 Uncommon trap: trap_request=0xffffffc6 fr.pc=0x00000000028aa1e4
Event: 4.810 Thread 0x0000000002620800 DEOPT PACKING pc=0x00000000028aa1e4 sp=0x000000000256e170
Event: 4.810 Thread 0x0000000002620800 DEOPT UNPACKING pc=0x00000000027575a4 sp=0x000000000256e108 mode 2
Event: 4.810 Thread 0x0000000002620800 Uncommon trap: trap_request=0xffffffc6 fr.pc=0x00000000028aa1e4
Event: 4.810 Thread 0x0000000002620800 DEOPT PACKING pc=0x00000000028aa1e4 sp=0x000000000256e170
Event: 4.810 Thread 0x0000000002620800 DEOPT UNPACKING pc=0x00000000027575a4 sp=0x000000000256e108 mode 2
Event: 4.890 Thread 0x00000000085b5800 flushing nmethod 0x000000000280fa50
Event: 4.890 Thread 0x00000000085b5800 flushing nmethod 0x00000000028222d0


Dynamic libraries:
0x00007ff7100d0000 - 0x00007ff710103000 	C:\Program Files\Java\jdk1.7.0_51\bin\java.exe
0x00007ffe859f0000 - 0x00007ffe85b9a000 	C:\WINDOWS\SYSTEM32\ntdll.dll
0x00007ffe82170000 - 0x00007ffe822aa000 	C:\WINDOWS\system32\KERNEL32.DLL
0x00007ffe6b680000 - 0x00007ffe6b6b2000 	C:\Program Files (x86)\AVG\Av\avghooka.dll
0x00007ffe81b10000 - 0x00007ffe81c1f000 	C:\WINDOWS\system32\KERNELBASE.dll
0x00007ffe80670000 - 0x00007ffe806f8000 	C:\WINDOWS\system32\apphelp.dll
0x00007ffe745d0000 - 0x00007ffe7461f000 	C:\WINDOWS\AppPatch\AppPatch64\AcGenral.DLL
0x00007ffe842e0000 - 0x00007ffe84387000 	C:\WINDOWS\system32\msvcrt.dll
0x00007ffe81880000 - 0x00007ffe818ab000 	C:\WINDOWS\SYSTEM32\SspiCli.dll
0x00007ffe83f10000 - 0x00007ffe83f61000 	C:\WINDOWS\system32\SHLWAPI.dll
0x00007ffe83f80000 - 0x00007ffe840f1000 	C:\WINDOWS\system32\USER32.dll
0x00007ffe843a0000 - 0x00007ffe84518000 	C:\WINDOWS\system32\ole32.dll
0x00007ffe82740000 - 0x00007ffe83b60000 	C:\WINDOWS\system32\SHELL32.dll
0x00007ffe81050000 - 0x00007ffe8106e000 	C:\WINDOWS\SYSTEM32\USERENV.dll
0x00007ffe82690000 - 0x00007ffe82735000 	C:\WINDOWS\system32\ADVAPI32.dll
0x00007ffe75bd0000 - 0x00007ffe75beb000 	C:\WINDOWS\SYSTEM32\MPR.dll
0x00007ffe84520000 - 0x00007ffe84657000 	C:\WINDOWS\system32\RPCRT4.dll
0x00007ffe84670000 - 0x00007ffe846c7000 	C:\WINDOWS\SYSTEM32\sechost.dll
0x00007ffe83c30000 - 0x00007ffe83e06000 	C:\WINDOWS\SYSTEM32\combase.dll
0x00007ffe82490000 - 0x00007ffe825d4000 	C:\WINDOWS\system32\GDI32.dll
0x00007ffe81a40000 - 0x00007ffe81a54000 	C:\WINDOWS\SYSTEM32\profapi.dll
0x00007ffe800a0000 - 0x00007ffe8013f000 	C:\WINDOWS\SYSTEM32\SHCORE.dll
0x00007ffe82450000 - 0x00007ffe82484000 	C:\WINDOWS\system32\IMM32.DLL
0x00007ffe82010000 - 0x00007ffe82149000 	C:\WINDOWS\system32\MSCTF.dll
0x00007ffe7f830000 - 0x00007ffe7fa8a000 	C:\WINDOWS\WinSxS\amd64_microsoft.windows.common-controls_6595b64144ccf1df_6.0.9600.17031_none_6242a4b3ecbb55a1\COMCTL32.dll
0x0000000062350000 - 0x0000000062422000 	C:\Program Files\Java\jdk1.7.0_51\jre\bin\msvcr100.dll
0x00000000627e0000 - 0x0000000062fa9000 	C:\Program Files\Java\jdk1.7.0_51\jre\bin\server\jvm.dll
0x00007ffe7b250000 - 0x00007ffe7b259000 	C:\WINDOWS\SYSTEM32\WSOCK32.dll
0x00007ffe7a420000 - 0x00007ffe7a43f000 	C:\WINDOWS\SYSTEM32\WINMM.dll
0x00007ffe83bc0000 - 0x00007ffe83bc7000 	C:\WINDOWS\system32\PSAPI.DLL
0x00007ffe83b60000 - 0x00007ffe83bb8000 	C:\WINDOWS\system32\WS2_32.dll
0x00007ffe7a3f0000 - 0x00007ffe7a41a000 	C:\WINDOWS\SYSTEM32\WINMMBASE.dll
0x00007ffe83f70000 - 0x00007ffe83f79000 	C:\WINDOWS\system32\NSI.dll
0x00007ffe81cd0000 - 0x00007ffe81d1a000 	C:\WINDOWS\SYSTEM32\cfgmgr32.dll
0x00007ffe808d0000 - 0x00007ffe808f6000 	C:\WINDOWS\SYSTEM32\DEVOBJ.dll
0x00000000627d0000 - 0x00000000627df000 	C:\Program Files\Java\jdk1.7.0_51\jre\bin\verify.dll
0x00000000627a0000 - 0x00000000627c8000 	C:\Program Files\Java\jdk1.7.0_51\jre\bin\java.dll
0x0000000062780000 - 0x0000000062795000 	C:\Program Files\Java\jdk1.7.0_51\jre\bin\zip.dll
0x0000000062760000 - 0x0000000062779000 	C:\Program Files\Java\jdk1.7.0_51\jre\bin\net.dll
0x00007ffe812a0000 - 0x00007ffe812f8000 	C:\WINDOWS\system32\mswsock.dll
0x0000000062740000 - 0x0000000062751000 	C:\Program Files\Java\jdk1.7.0_51\jre\bin\nio.dll

VM Arguments:
jvm_args: -Xmx1024M -Dfile.encoding=windows-1252 -Duser.country=US -Duser.language=en -Duser.variant 
java_command: com.android.dx.command.Main --dex --num-threads=4 --output E:\Show NearBy Places\app\build\intermediates\pre-dexed\debug\classes-7c39c0842da9a82c41b554adc244c5ffdd169eca.jar E:\Show NearBy Places\app\build\intermediates\exploded-aar\com.google.android.gms\play-services-fitness\8.3.0\jars\classes.jar
Launcher Type: SUN_STANDARD

Environment Variables:
JAVA_HOME=C:\Program Files\Java\jdk1.7.0_51
CLASSPATH=D:\Sunbeam\Minor Projects\java\puzzle2009
PATH=C:\oraclexe\app\oracle\product\11.2.0\server\bin;;C:\WINDOWS\system32;C:\WINDOWS;C:\WINDOWS\System32\Wbem;C:\WINDOWS\System32\WindowsPowerShell\v1.0\;C:\Program Files\Microsoft SQL Server\110\Tools\Binn\;C:\Program Files\Microsoft\Web Platform Installer\;C:\Program Files (x86)\Microsoft ASP.NET\ASP.NET Web Pages\v1.0\;C:\Program Files (x86)\Windows Kits\8.0\Windows Performance Toolkit\;C:\Program Files (x86)\Microsoft SQL Server\100\Tools\Binn\;C:\Program Files\Microsoft SQL Server\100\Tools\Binn\;C:\Program Files\Microsoft SQL Server\100\DTS\Binn\;C:\Program Files\Java\jdk1.7.0_51\bin;C:\Program Files (x86)\Skype\Phone\;C:\Program Files (x86)\QuickTime\QTSystem\;
USERNAME=Amit
OS=Windows_NT
PROCESSOR_IDENTIFIER=Intel64 Family 6 Model 58 Stepping 9, GenuineIntel



---------------  S Y S T E M  ---------------

OS: Windows 8 , 64 bit Build 9200 

CPU:total 4 (2 cores per cpu, 2 threads per core) family 6 model 58 stepping 9, cmov, cx8, fxsr, mmx, sse, sse2, sse3, ssse3, sse4.1, sse4.2, popcnt, avx, aes, erms, ht, tsc, tscinvbit, tscinv

Memory: 4k page, physical 4087148k(661516k free), swap 7702892k(5356k free)

vm_info: Java HotSpot(TM) 64-Bit Server VM (24.51-b03) for windows-amd64 JRE (1.7.0_51-b13), built on Dec 18 2013 18:40:56 by "java_re" with unknown MS VC++:1600

time: Wed Apr 06 22:32:00 2016
elapsed time: 5 seconds

