#
# There is insufficient memory for the Java Runtime Environment to continue.
# Native memory allocation (malloc) failed to allocate 65552 bytes for Chunk::new
# Possible reasons:
#   The system is out of physical RAM or swap space
#   In 32 bit mode, the process size limit was hit
# Possible solutions:
#   Reduce memory load on the system
#   Increase physical memory or swap space
#   Check if swap backing store is full
#   Use 64 bit Java on a 64 bit OS
#   Decrease Java heap size (-Xmx/-Xms)
#   Decrease number of Java threads
#   Decrease Java thread stack sizes (-Xss)
#   Set larger code cache with -XX:ReservedCodeCacheSize=
# This output file may be truncated or incomplete.
#
#  Out of Memory Error (allocation.cpp:323), pid=12032, tid=20392
#
# JRE version: Java(TM) SE Runtime Environment (7.0_51-b13) (build 1.7.0_51-b13)
# Java VM: Java HotSpot(TM) 64-Bit Server VM (24.51-b03 mixed mode windows-amd64 compressed oops)
# Failed to write core dump. Minidumps are not enabled by default on client versions of Windows
#

---------------  T H R E A D  ---------------

Current thread (0x00000000085af000):  JavaThread "C2 CompilerThread1" daemon [_thread_in_native, id=20392, stack(0x0000000009c10000,0x0000000009d10000)]

Stack: [0x0000000009c10000,0x0000000009d10000]

Current CompileTask:
C2:   3368  407             com.android.dx.rop.code.Rops::ropFor (771 bytes)


---------------  P R O C E S S  ---------------

Java Threads: ( => current thread )
  0x000000000a0ec800 JavaThread "pool-1-thread-4" [_thread_in_Java, id=12704, stack(0x000000000a710000,0x000000000a810000)]
  0x000000000a0e5800 JavaThread "pool-1-thread-3" [_thread_blocked, id=21008, stack(0x000000000a610000,0x000000000a710000)]
  0x000000000a15d800 JavaThread "pool-1-thread-2" [_thread_blocked, id=36060, stack(0x000000000a510000,0x000000000a610000)]
  0x000000000a15d000 JavaThread "pool-2-thread-1" [_thread_blocked, id=27828, stack(0x000000000a410000,0x000000000a510000)]
  0x000000000a1d4000 JavaThread "pool-1-thread-1" [_thread_blocked, id=23036, stack(0x000000000a310000,0x000000000a410000)]
  0x00000000085b5000 JavaThread "Service Thread" daemon [_thread_blocked, id=40364, stack(0x0000000009d10000,0x0000000009e10000)]
=>0x00000000085af000 JavaThread "C2 CompilerThread1" daemon [_thread_in_native, id=20392, stack(0x0000000009c10000,0x0000000009d10000)]
  0x00000000085a3000 JavaThread "C2 CompilerThread0" daemon [_thread_in_native, id=31260, stack(0x0000000009b10000,0x0000000009c10000)]
  0x00000000085a2000 JavaThread "Attach Listener" daemon [_thread_blocked, id=41932, stack(0x0000000009a10000,0x0000000009b10000)]
  0x000000000859e800 JavaThread "Signal Dispatcher" daemon [_thread_blocked, id=22276, stack(0x0000000009910000,0x0000000009a10000)]
  0x000000000856f000 JavaThread "Finalizer" daemon [_thread_blocked, id=24800, stack(0x0000000009810000,0x0000000009910000)]
  0x0000000008563000 JavaThread "Reference Handler" daemon [_thread_blocked, id=31268, stack(0x0000000009710000,0x0000000009810000)]
  0x0000000002610800 JavaThread "main" [_thread_in_Java, id=2040, stack(0x00000000024d0000,0x00000000025d0000)]

Other Threads:
  0x0000000008561000 VMThread [stack: 0x0000000009610000,0x0000000009710000] [id=36604]
  0x00000000085c3800 WatcherThread [stack: 0x0000000009e10000,0x0000000009f10000] [id=14776]

VM state:not at safepoint (normal execution)

VM Mutex/Monitor currently owned by a thread: None

Heap
 PSYoungGen      total 68096K, used 26554K [0x00000000eaa80000, 0x00000000eef80000, 0x0000000100000000)
  eden space 65536K, 36% used [0x00000000eaa80000,0x00000000ec1f19a8,0x00000000eea80000)
  from space 2560K, 99% used [0x00000000eed00000,0x00000000eef7d210,0x00000000eef80000)
  to   space 2560K, 0% used [0x00000000eea80000,0x00000000eea80000,0x00000000eed00000)
 ParOldGen       total 42496K, used 13595K [0x00000000c0000000, 0x00000000c2980000, 0x00000000eaa80000)
  object space 42496K, 31% used [0x00000000c0000000,0x00000000c0d46de8,0x00000000c2980000)
 PSPermGen       total 21504K, used 5868K [0x00000000bae00000, 0x00000000bc300000, 0x00000000c0000000)
  object space 21504K, 27% used [0x00000000bae00000,0x00000000bb3bb008,0x00000000bc300000)

Card table byte_map: [0x00000000057d0000,0x0000000005a00000] byte_map_base: 0x00000000051f9000

Polling page: 0x0000000000c40000

Code Cache  [0x0000000002710000, 0x0000000002980000, 0x0000000005710000)
 total_blobs=648 nmethods=411 adapters=189 free_code_cache=47439Kb largest_free_block=48525888

Compilation events (10 events):
Event: 3.338 Thread 0x00000000085a3000 nmethod 400 0x00000000028c1410 code [0x00000000028c17e0, 0x00000000028c3e88]
Event: 3.338 Thread 0x00000000085a3000  408             com.android.dx.cf.code.BaseMachine::getInitValues (5 bytes)
Event: 3.339 Thread 0x00000000085a3000 nmethod 408 0x00000000028967d0 code [0x0000000002896900, 0x0000000002896958]
Event: 3.339 Thread 0x00000000085a3000  409             com.android.dx.cf.code.BaseMachine::getAuxCases (5 bytes)
Event: 3.339 Thread 0x00000000085a3000 nmethod 409 0x00000000028965d0 code [0x0000000002896700, 0x0000000002896758]
Event: 3.339 Thread 0x00000000085a3000  410             com.android.dx.cf.attrib.AttCode::getCatches (5 bytes)
Event: 3.339 Thread 0x00000000085a3000 nmethod 410 0x00000000028963d0 code [0x0000000002896500, 0x0000000002896558]
Event: 3.339 Thread 0x00000000085a3000  411             com.android.dx.cf.code.ConcreteMethod::getCatches (8 bytes)
Event: 3.340 Thread 0x00000000085a3000 nmethod 411 0x0000000002896190 code [0x00000000028962c0, 0x0000000002896338]
Event: 3.340 Thread 0x00000000085a3000  412             com.android.dx.ssa.ConstCollector::updateConstUses (248 bytes)

GC Heap History (8 events):
Event: 0.616 GC heap before
{Heap before GC invocations=1 (full 0):
 PSYoungGen      total 18944K, used 16384K [0x00000000eaa80000, 0x00000000ebf80000, 0x0000000100000000)
  eden space 16384K, 100% used [0x00000000eaa80000,0x00000000eba80000,0x00000000eba80000)
  from space 2560K, 0% used [0x00000000ebd00000,0x00000000ebd00000,0x00000000ebf80000)
  to   space 2560K, 0% used [0x00000000eba80000,0x00000000eba80000,0x00000000ebd00000)
 ParOldGen       total 42496K, used 0K [0x00000000c0000000, 0x00000000c2980000, 0x00000000eaa80000)
  object space 42496K, 0% used [0x00000000c0000000,0x00000000c0000000,0x00000000c2980000)
 PSPermGen       total 21504K, used 5462K [0x00000000bae00000, 0x00000000bc300000, 0x00000000c0000000)
  object space 21504K, 25% used [0x00000000bae00000,0x00000000bb355b20,0x00000000bc300000)
Event: 0.630 GC heap after
Heap after GC invocations=1 (full 0):
 PSYoungGen      total 18944K, used 2536K [0x00000000eaa80000, 0x00000000ecf80000, 0x0000000100000000)
  eden space 16384K, 0% used [0x00000000eaa80000,0x00000000eaa80000,0x00000000eba80000)
  from space 2560K, 99% used [0x00000000eba80000,0x00000000ebcfa110,0x00000000ebd00000)
  to   space 2560K, 0% used [0x00000000ecd00000,0x00000000ecd00000,0x00000000ecf80000)
 ParOldGen       total 42496K, used 674K [0x00000000c0000000, 0x00000000c2980000, 0x00000000eaa80000)
  object space 42496K, 1% used [0x00000000c0000000,0x00000000c00a8a20,0x00000000c2980000)
 PSPermGen       total 21504K, used 5462K [0x00000000bae00000, 0x00000000bc300000, 0x00000000c0000000)
  object space 21504K, 25% used [0x00000000bae00000,0x00000000bb355b20,0x00000000bc300000)
}
Event: 1.432 GC heap before
{Heap before GC invocations=2 (full 0):
 PSYoungGen      total 18944K, used 18920K [0x00000000eaa80000, 0x00000000ecf80000, 0x0000000100000000)
  eden space 16384K, 100% used [0x00000000eaa80000,0x00000000eba80000,0x00000000eba80000)
  from space 2560K, 99% used [0x00000000eba80000,0x00000000ebcfa110,0x00000000ebd00000)
  to   space 2560K, 0% used [0x00000000ecd00000,0x00000000ecd00000,0x00000000ecf80000)
 ParOldGen       total 42496K, used 674K [0x00000000c0000000, 0x00000000c2980000, 0x00000000eaa80000)
  object space 42496K, 1% used [0x00000000c0000000,0x00000000c00a8a20,0x00000000c2980000)
 PSPermGen       total 21504K, used 5695K [0x00000000bae00000, 0x00000000bc300000, 0x00000000c0000000)
  object space 21504K, 26% used [0x00000000bae00000,0x00000000bb38fff8,0x00000000bc300000)
Event: 1.442 GC heap after
Heap after GC invocations=2 (full 0):
 PSYoungGen      total 35328K, used 2538K [0x00000000eaa80000, 0x00000000ecf80000, 0x0000000100000000)
  eden space 32768K, 0% used [0x00000000eaa80000,0x00000000eaa80000,0x00000000eca80000)
  from space 2560K, 99% used [0x00000000ecd00000,0x00000000ecf7aaa8,0x00000000ecf80000)
  to   space 2560K, 0% used [0x00000000eca80000,0x00000000eca80000,0x00000000ecd00000)
 ParOldGen       total 42496K, used 2386K [0x00000000c0000000, 0x00000000c2980000, 0x00000000eaa80000)
  object space 42496K, 5% used [0x00000000c0000000,0x00000000c0254b98,0x00000000c2980000)
 PSPermGen       total 21504K, used 5695K [0x00000000bae00000, 0x00000000bc300000, 0x00000000c0000000)
  object space 21504K, 26% used [0x00000000bae00000,0x00000000bb38fff8,0x00000000bc300000)
}
Event: 2.247 GC heap before
{Heap before GC invocations=3 (full 0):
 PSYoungGen      total 35328K, used 35306K [0x00000000eaa80000, 0x00000000ecf80000, 0x0000000100000000)
  eden space 32768K, 100% used [0x00000000eaa80000,0x00000000eca80000,0x00000000eca80000)
  from space 2560K, 99% used [0x00000000ecd00000,0x00000000ecf7aaa8,0x00000000ecf80000)
  to   space 2560K, 0% used [0x00000000eca80000,0x00000000eca80000,0x00000000ecd00000)
 ParOldGen       total 42496K, used 2386K [0x00000000c0000000, 0x00000000c2980000, 0x00000000eaa80000)
  object space 42496K, 5% used [0x00000000c0000000,0x00000000c0254b98,0x00000000c2980000)
 PSPermGen       total 21504K, used 5821K [0x00000000bae00000, 0x00000000bc300000, 0x00000000c0000000)
  object space 21504K, 27% used [0x00000000bae00000,0x00000000bb3af530,0x00000000bc300000)
Event: 2.266 GC heap after
Heap after GC invocations=3 (full 0):
 PSYoungGen      total 35328K, used 2544K [0x00000000eaa80000, 0x00000000eef80000, 0x0000000100000000)
  eden space 32768K, 0% used [0x00000000eaa80000,0x00000000eaa80000,0x00000000eca80000)
  from space 2560K, 99% used [0x00000000eca80000,0x00000000eccfc028,0x00000000ecd00000)
  to   space 2560K, 0% used [0x00000000eed00000,0x00000000eed00000,0x00000000eef80000)
 ParOldGen       total 42496K, used 8394K [0x00000000c0000000, 0x00000000c2980000, 0x00000000eaa80000)
  object space 42496K, 19% used [0x00000000c0000000,0x00000000c0832960,0x00000000c2980000)
 PSPermGen       total 21504K, used 5821K [0x00000000bae00000, 0x00000000bc300000, 0x00000000c0000000)
  object space 21504K, 27% used [0x00000000bae00000,0x00000000bb3af530,0x00000000bc300000)
}
Event: 2.856 GC heap before
{Heap before GC invocations=4 (full 0):
 PSYoungGen      total 35328K, used 35312K [0x00000000eaa80000, 0x00000000eef80000, 0x0000000100000000)
  eden space 32768K, 100% used [0x00000000eaa80000,0x00000000eca80000,0x00000000eca80000)
  from space 2560K, 99% used [0x00000000eca80000,0x00000000eccfc028,0x00000000ecd00000)
  to   space 2560K, 0% used [0x00000000eed00000,0x00000000eed00000,0x00000000eef80000)
 ParOldGen       total 42496K, used 8394K [0x00000000c0000000, 0x00000000c2980000, 0x00000000eaa80000)
  object space 42496K, 19% used [0x00000000c0000000,0x00000000c0832960,0x00000000c2980000)
 PSPermGen       total 21504K, used 5845K [0x00000000bae00000, 0x00000000bc300000, 0x00000000c0000000)
  object space 21504K, 27% used [0x00000000bae00000,0x00000000bb3b54e0,0x00000000bc300000)
Event: 2.877 GC heap after
Heap after GC invocations=4 (full 0):
 PSYoungGen      total 68096K, used 2548K [0x00000000eaa80000, 0x00000000eef80000, 0x0000000100000000)
  eden space 65536K, 0% used [0x00000000eaa80000,0x00000000eaa80000,0x00000000eea80000)
  from space 2560K, 99% used [0x00000000eed00000,0x00000000eef7d210,0x00000000eef80000)
  to   space 2560K, 0% used [0x00000000eea80000,0x00000000eea80000,0x00000000eed00000)
 ParOldGen       total 42496K, used 13595K [0x00000000c0000000, 0x00000000c2980000, 0x00000000eaa80000)
  object space 42496K, 31% used [0x00000000c0000000,0x00000000c0d46de8,0x00000000c2980000)
 PSPermGen       total 21504K, used 5845K [0x00000000bae00000, 0x00000000bc300000, 0x00000000c0000000)
  object space 21504K, 27% used [0x00000000bae00000,0x00000000bb3b54e0,0x00000000bc300000)
}

Deoptimization events (10 events):
Event: 1.418 Thread 0x0000000002610800 Uncommon trap: reason=null_check action=make_not_entrant pc=0x00000000027ca2b4 method=com.android.dx.rop.code.RegisterSpec.equals(Ljava/lang/Object;)Z @ 1
Event: 1.506 Thread 0x0000000002610800 Uncommon trap: reason=null_check action=make_not_entrant pc=0x00000000027b7968 method=com.android.dx.rop.type.Type.putIntern(Lcom/android/dx/rop/type/Type;)Lcom/android/dx/rop/type/Type; @ 18
Event: 2.132 Thread 0x0000000002610800 Uncommon trap: reason=unreached action=reinterpret pc=0x00000000027de888 method=com.android.dx.ssa.SCCP.simulateBranch(Lcom/android/dx/ssa/SsaInsn;)V @ 132
Event: 2.209 Thread 0x000000000a0ec800 Uncommon trap: reason=unreached action=reinterpret pc=0x000000000281e99c method=com.android.dx.cf.code.Ropper.processBlock(Lcom/android/dx/cf/code/ByteBlock;Lcom/android/dx/cf/code/Frame;[I)V @ 963
Event: 2.749 Thread 0x000000000a15d800 Uncommon trap: reason=null_check action=make_not_entrant pc=0x000000000286c320 method=com.android.dx.dex.file.MethodIdsSection.intern(Lcom/android/dx/rop/cst/CstBaseMethodRef;)Lcom/android/dx/dex/file/MethodIdItem; @ 26
Event: 2.772 Thread 0x000000000a0ec800 Uncommon trap: reason=null_check action=make_not_entrant pc=0x000000000286c850 method=com.android.dx.dex.file.FieldIdsSection.intern(Lcom/android/dx/rop/cst/CstFieldRef;)Lcom/android/dx/dex/file/FieldIdItem; @ 26
Event: 3.133 Thread 0x000000000a0ec800 Uncommon trap: reason=unreached action=reinterpret pc=0x00000000027c3e78 method=com.android.dx.ssa.SsaConverter.placePhiFunctions(Lcom/android/dx/ssa/SsaMethod;Lcom/android/dx/ssa/LocalVariableInfo;I)V @ 327
Event: 3.134 Thread 0x000000000a0ec800 Uncommon trap: reason=null_check action=make_not_entrant pc=0x0000000002796c08 method=com.android.dx.rop.code.LocalItem.equals(Ljava/lang/Object;)Z @ 1
Event: 3.134 Thread 0x000000000a0ec800 Uncommon trap: reason=unreached action=reinterpret pc=0x00000000027c7384 method=com.android.dx.ssa.SsaRenamer$BlockRenamer.process()V @ 59
Event: 3.139 Thread 0x000000000a0ec800 Uncommon trap: reason=unreached action=reinterpret pc=0x000000000284f140 method=com.android.dx.ssa.back.FirstFitLocalCombiningAllocator$1.processInsn(Lcom/android/dx/ssa/SsaInsn;)V @ 34

Internal exceptions (10 events):
Event: 1.033 Thread 0x0000000002610800 Threw 0x00000000eae43688 at C:\re\jdk7u51\527\hotspot\src\share\vm\prims\jvm.cpp:1244
Event: 1.141 Thread 0x000000000a15d800 Threw 0x00000000ead69fc0 at C:\re\jdk7u51\527\hotspot\src\share\vm\prims\jvm.cpp:1244
Event: 1.177 Thread 0x000000000a0e5800 Implicit null exception at 0x0000000002793117 to 0x0000000002793345
Event: 1.196 Thread 0x0000000002610800 Threw 0x00000000eb1741a8 at C:\re\jdk7u51\527\hotspot\src\share\vm\prims\jvm.cpp:1244
Event: 1.298 Thread 0x0000000002610800 Threw 0x00000000eb5a65a8 at C:\re\jdk7u51\527\hotspot\src\share\vm\prims\jvm.cpp:1244
Event: 1.418 Thread 0x0000000002610800 Implicit null exception at 0x00000000027c968f to 0x00000000027ca289
Event: 1.506 Thread 0x0000000002610800 Implicit null exception at 0x00000000027b7277 to 0x00000000027b7959
Event: 2.135 Thread 0x0000000002610800 Threw 0x00000000ec603158 at C:\re\jdk7u51\527\hotspot\src\share\vm\prims\jvm.cpp:1244
Event: 3.066 Thread 0x000000000a0e5800 Threw 0x00000000eb638100 at C:\re\jdk7u51\527\hotspot\src\share\vm\prims\jvm.cpp:1244
Event: 3.134 Thread 0x000000000a0ec800 Implicit null exception at 0x0000000002796556 to 0x0000000002796bf5

Events (10 events):
Event: 3.133 Thread 0x000000000a0ec800 DEOPT UNPACKING pc=0x00000000027475a4 sp=0x000000000a80ebb0 mode 2
Event: 3.134 Thread 0x000000000a0ec800 Uncommon trap: trap_request=0xfffffff4 fr.pc=0x0000000002796c08
Event: 3.134 Thread 0x000000000a0ec800 DEOPT PACKING pc=0x0000000002796c08 sp=0x000000000a80eae0
Event: 3.134 Thread 0x000000000a0ec800 DEOPT UNPACKING pc=0x00000000027475a4 sp=0x000000000a80e860 mode 2
Event: 3.134 Thread 0x000000000a0ec800 Uncommon trap: trap_request=0xffffffad fr.pc=0x00000000027c7384
Event: 3.134 Thread 0x000000000a0ec800 DEOPT PACKING pc=0x00000000027c7384 sp=0x000000000a80eb50
Event: 3.134 Thread 0x000000000a0ec800 DEOPT UNPACKING pc=0x00000000027475a4 sp=0x000000000a80eb10 mode 2
Event: 3.139 Thread 0x000000000a0ec800 Uncommon trap: trap_request=0xffffffad fr.pc=0x000000000284f140
Event: 3.139 Thread 0x000000000a0ec800 DEOPT PACKING pc=0x000000000284f140 sp=0x000000000a80ea10
Event: 3.139 Thread 0x000000000a0ec800 DEOPT UNPACKING pc=0x00000000027475a4 sp=0x000000000a80e9b0 mode 2


Dynamic libraries:
0x00007ff7100d0000 - 0x00007ff710103000 	C:\Program Files\Java\jdk1.7.0_51\bin\java.exe
0x00007ffe859f0000 - 0x00007ffe85b9a000 	C:\WINDOWS\SYSTEM32\ntdll.dll
0x00007ffe82170000 - 0x00007ffe822aa000 	C:\WINDOWS\system32\KERNEL32.DLL
0x00007ffe6b680000 - 0x00007ffe6b6b2000 	C:\Program Files (x86)\AVG\Av\avghooka.dll
0x00007ffe81b10000 - 0x00007ffe81c1f000 	C:\WINDOWS\system32\KERNELBASE.dll
0x00007ffe80670000 - 0x00007ffe806f8000 	C:\WINDOWS\system32\apphelp.dll
0x00007ffe745d0000 - 0x00007ffe7461f000 	C:\WINDOWS\AppPatch\AppPatch64\AcGenral.DLL
0x00007ffe842e0000 - 0x00007ffe84387000 	C:\WINDOWS\system32\msvcrt.dll
0x00007ffe81880000 - 0x00007ffe818ab000 	C:\WINDOWS\SYSTEM32\SspiCli.dll
0x00007ffe83f10000 - 0x00007ffe83f61000 	C:\WINDOWS\system32\SHLWAPI.dll
0x00007ffe83f80000 - 0x00007ffe840f1000 	C:\WINDOWS\system32\USER32.dll
0x00007ffe843a0000 - 0x00007ffe84518000 	C:\WINDOWS\system32\ole32.dll
0x00007ffe82740000 - 0x00007ffe83b60000 	C:\WINDOWS\system32\SHELL32.dll
0x00007ffe81050000 - 0x00007ffe8106e000 	C:\WINDOWS\SYSTEM32\USERENV.dll
0x00007ffe82690000 - 0x00007ffe82735000 	C:\WINDOWS\system32\ADVAPI32.dll
0x00007ffe75bd0000 - 0x00007ffe75beb000 	C:\WINDOWS\SYSTEM32\MPR.dll
0x00007ffe84520000 - 0x00007ffe84657000 	C:\WINDOWS\system32\RPCRT4.dll
0x00007ffe84670000 - 0x00007ffe846c7000 	C:\WINDOWS\SYSTEM32\sechost.dll
0x00007ffe83c30000 - 0x00007ffe83e06000 	C:\WINDOWS\SYSTEM32\combase.dll
0x00007ffe82490000 - 0x00007ffe825d4000 	C:\WINDOWS\system32\GDI32.dll
0x00007ffe81a40000 - 0x00007ffe81a54000 	C:\WINDOWS\SYSTEM32\profapi.dll
0x00007ffe800a0000 - 0x00007ffe8013f000 	C:\WINDOWS\SYSTEM32\SHCORE.dll
0x00007ffe82450000 - 0x00007ffe82484000 	C:\WINDOWS\system32\IMM32.DLL
0x00007ffe82010000 - 0x00007ffe82149000 	C:\WINDOWS\system32\MSCTF.dll
0x00007ffe7f830000 - 0x00007ffe7fa8a000 	C:\WINDOWS\WinSxS\amd64_microsoft.windows.common-controls_6595b64144ccf1df_6.0.9600.17031_none_6242a4b3ecbb55a1\COMCTL32.dll
0x0000000062350000 - 0x0000000062422000 	C:\Program Files\Java\jdk1.7.0_51\jre\bin\msvcr100.dll
0x00000000627e0000 - 0x0000000062fa9000 	C:\Program Files\Java\jdk1.7.0_51\jre\bin\server\jvm.dll
0x00007ffe7b250000 - 0x00007ffe7b259000 	C:\WINDOWS\SYSTEM32\WSOCK32.dll
0x00007ffe7a420000 - 0x00007ffe7a43f000 	C:\WINDOWS\SYSTEM32\WINMM.dll
0x00007ffe83bc0000 - 0x00007ffe83bc7000 	C:\WINDOWS\system32\PSAPI.DLL
0x00007ffe83b60000 - 0x00007ffe83bb8000 	C:\WINDOWS\system32\WS2_32.dll
0x00007ffe7a3f0000 - 0x00007ffe7a41a000 	C:\WINDOWS\SYSTEM32\WINMMBASE.dll
0x00007ffe83f70000 - 0x00007ffe83f79000 	C:\WINDOWS\system32\NSI.dll
0x00007ffe81cd0000 - 0x00007ffe81d1a000 	C:\WINDOWS\SYSTEM32\cfgmgr32.dll
0x00007ffe808d0000 - 0x00007ffe808f6000 	C:\WINDOWS\SYSTEM32\DEVOBJ.dll
0x00000000627d0000 - 0x00000000627df000 	C:\Program Files\Java\jdk1.7.0_51\jre\bin\verify.dll
0x00000000627a0000 - 0x00000000627c8000 	C:\Program Files\Java\jdk1.7.0_51\jre\bin\java.dll
0x0000000062780000 - 0x0000000062795000 	C:\Program Files\Java\jdk1.7.0_51\jre\bin\zip.dll
0x0000000062760000 - 0x0000000062779000 	C:\Program Files\Java\jdk1.7.0_51\jre\bin\net.dll
0x00007ffe812a0000 - 0x00007ffe812f8000 	C:\WINDOWS\system32\mswsock.dll
0x0000000062740000 - 0x0000000062751000 	C:\Program Files\Java\jdk1.7.0_51\jre\bin\nio.dll

VM Arguments:
jvm_args: -Xmx1024M -Dfile.encoding=windows-1252 -Duser.country=US -Duser.language=en -Duser.variant 
java_command: com.android.dx.command.Main --dex --num-threads=4 --output E:\Show NearBy Places\app\build\intermediates\pre-dexed\debug\classes-4bd34701608819259726cbedf83d05d6a6abd108.jar E:\Show NearBy Places\app\build\intermediates\exploded-aar\com.google.android.gms\play-services-drive\8.3.0\jars\classes.jar
Launcher Type: SUN_STANDARD

Environment Variables:
JAVA_HOME=C:\Program Files\Java\jdk1.7.0_51
CLASSPATH=D:\Sunbeam\Minor Projects\java\puzzle2009
PATH=C:\oraclexe\app\oracle\product\11.2.0\server\bin;;C:\WINDOWS\system32;C:\WINDOWS;C:\WINDOWS\System32\Wbem;C:\WINDOWS\System32\WindowsPowerShell\v1.0\;C:\Program Files\Microsoft SQL Server\110\Tools\Binn\;C:\Program Files\Microsoft\Web Platform Installer\;C:\Program Files (x86)\Microsoft ASP.NET\ASP.NET Web Pages\v1.0\;C:\Program Files (x86)\Windows Kits\8.0\Windows Performance Toolkit\;C:\Program Files (x86)\Microsoft SQL Server\100\Tools\Binn\;C:\Program Files\Microsoft SQL Server\100\Tools\Binn\;C:\Program Files\Microsoft SQL Server\100\DTS\Binn\;C:\Program Files\Java\jdk1.7.0_51\bin;C:\Program Files (x86)\Skype\Phone\;C:\Program Files (x86)\QuickTime\QTSystem\;
USERNAME=Amit
OS=Windows_NT
PROCESSOR_IDENTIFIER=Intel64 Family 6 Model 58 Stepping 9, GenuineIntel



---------------  S Y S T E M  ---------------

OS: Windows 8 , 64 bit Build 9200 

CPU:total 4 (2 cores per cpu, 2 threads per core) family 6 model 58 stepping 9, cmov, cx8, fxsr, mmx, sse, sse2, sse3, ssse3, sse4.1, sse4.2, popcnt, avx, aes, erms, ht, tsc, tscinvbit, tscinv

Memory: 4k page, physical 4087148k(682652k free), swap 7702892k(5632k free)

vm_info: Java HotSpot(TM) 64-Bit Server VM (24.51-b03) for windows-amd64 JRE (1.7.0_51-b13), built on Dec 18 2013 18:40:56 by "java_re" with unknown MS VC++:1600

time: Wed Apr 06 22:32:09 2016
elapsed time: 3 seconds

