#
# There is insufficient memory for the Java Runtime Environment to continue.
# Native memory allocation (malloc) failed to allocate 206336 bytes for Chunk::new
# Possible reasons:
#   The system is out of physical RAM or swap space
#   In 32 bit mode, the process size limit was hit
# Possible solutions:
#   Reduce memory load on the system
#   Increase physical memory or swap space
#   Check if swap backing store is full
#   Use 64 bit Java on a 64 bit OS
#   Decrease Java heap size (-Xmx/-Xms)
#   Decrease number of Java threads
#   Decrease Java thread stack sizes (-Xss)
#   Set larger code cache with -XX:ReservedCodeCacheSize=
# This output file may be truncated or incomplete.
#
#  Out of Memory Error (allocation.cpp:323), pid=12316, tid=32448
#
# JRE version: Java(TM) SE Runtime Environment (7.0_51-b13) (build 1.7.0_51-b13)
# Java VM: Java HotSpot(TM) 64-Bit Server VM (24.51-b03 mixed mode windows-amd64 compressed oops)
# Failed to write core dump. Minidumps are not enabled by default on client versions of Windows
#

---------------  T H R E A D  ---------------

Current thread (0x0000000007ff8800):  JavaThread "C2 CompilerThread1" daemon [_thread_in_native, id=32448, stack(0x0000000009670000,0x0000000009770000)]

Stack: [0x0000000009670000,0x0000000009770000]

Current CompileTask:
C2:    558   77             com.android.dx.rop.code.RopMethod::calcPredecessors (227 bytes)


---------------  P R O C E S S  ---------------

Java Threads: ( => current thread )
  0x0000000009b3b000 JavaThread "pool-1-thread-4" [_thread_in_Java, id=14760, stack(0x000000000a170000,0x000000000a270000)]
  0x0000000009b63000 JavaThread "pool-1-thread-3" [_thread_in_Java, id=11620, stack(0x000000000a070000,0x000000000a170000)]
  0x0000000009aea000 JavaThread "pool-1-thread-2" [_thread_in_Java, id=37840, stack(0x0000000009f70000,0x000000000a070000)]
  0x0000000009adb000 JavaThread "pool-2-thread-1" [_thread_blocked, id=16168, stack(0x0000000009e70000,0x0000000009f70000)]
  0x0000000009ad6800 JavaThread "pool-1-thread-1" [_thread_in_Java, id=38020, stack(0x0000000009d70000,0x0000000009e70000)]
  0x0000000007fff800 JavaThread "Service Thread" daemon [_thread_blocked, id=25636, stack(0x0000000009770000,0x0000000009870000)]
=>0x0000000007ff8800 JavaThread "C2 CompilerThread1" daemon [_thread_in_native, id=32448, stack(0x0000000009670000,0x0000000009770000)]
  0x0000000007ff3800 JavaThread "C2 CompilerThread0" daemon [_thread_in_native, id=22560, stack(0x0000000009570000,0x0000000009670000)]
  0x0000000007ff2800 JavaThread "Attach Listener" daemon [_thread_blocked, id=28492, stack(0x0000000009470000,0x0000000009570000)]
  0x0000000007fef000 JavaThread "Signal Dispatcher" daemon [_thread_blocked, id=7068, stack(0x0000000009370000,0x0000000009470000)]
  0x0000000007fbe000 JavaThread "Finalizer" daemon [_thread_blocked, id=19240, stack(0x0000000009270000,0x0000000009370000)]
  0x0000000007fb3000 JavaThread "Reference Handler" daemon [_thread_blocked, id=24988, stack(0x0000000009170000,0x0000000009270000)]
  0x0000000002060800 JavaThread "main" [_thread_blocked, id=19260, stack(0x0000000001ed0000,0x0000000001fd0000)]

Other Threads:
  0x0000000007fb1000 VMThread [stack: 0x0000000009070000,0x0000000009170000] [id=7228]
  0x0000000008013000 WatcherThread [stack: 0x0000000009870000,0x0000000009970000] [id=15280]

VM state:not at safepoint (normal execution)

VM Mutex/Monitor currently owned by a thread:  ([mutex/lock_event])
[0x000000000076e000] MethodData_lock - owner thread: 0x0000000009aea000

Heap
 PSYoungGen      total 18944K, used 13425K [0x00000000eaa80000, 0x00000000ebf80000, 0x0000000100000000)
  eden space 16384K, 81% used [0x00000000eaa80000,0x00000000eb79c6f8,0x00000000eba80000)
  from space 2560K, 0% used [0x00000000ebd00000,0x00000000ebd00000,0x00000000ebf80000)
  to   space 2560K, 0% used [0x00000000eba80000,0x00000000eba80000,0x00000000ebd00000)
 ParOldGen       total 42496K, used 0K [0x00000000c0000000, 0x00000000c2980000, 0x00000000eaa80000)
  object space 42496K, 0% used [0x00000000c0000000,0x00000000c0000000,0x00000000c2980000)
 PSPermGen       total 21504K, used 5556K [0x00000000bae00000, 0x00000000bc300000, 0x00000000c0000000)
  object space 21504K, 25% used [0x00000000bae00000,0x00000000bb36d0c8,0x00000000bc300000)

Card table byte_map: [0x0000000005220000,0x0000000005450000] byte_map_base: 0x0000000004c49000

Polling page: 0x0000000000620000

Code Cache  [0x0000000002160000, 0x00000000023d0000, 0x0000000005160000)
 total_blobs=312 nmethods=75 adapters=189 free_code_cache=48660Kb largest_free_block=49810368

Compilation events (10 events):
Event: 0.534 Thread 0x0000000007ff8800 nmethod 72 0x00000000021d89d0 code [0x00000000021d8b20, 0x00000000021d8bd8]
Event: 0.534 Thread 0x0000000007ff8800   73   !         com.android.dx.util.FixedSizeList::set0 (22 bytes)
Event: 0.535 Thread 0x0000000007ff8800 nmethod 73 0x00000000021d8650 code [0x00000000021d87a0, 0x00000000021d8898]
Event: 0.535 Thread 0x0000000007ff8800   74             com.android.dx.rop.code.BasicBlockList::get (9 bytes)
Event: 0.536 Thread 0x0000000007ff8800 nmethod 74 0x00000000021dd950 code [0x00000000021ddaa0, 0x00000000021ddb58]
Event: 0.542 Thread 0x0000000007ff8800   75             java.util.ArrayList::isEmpty (13 bytes)
Event: 0.542 Thread 0x0000000007ff8800 nmethod 75 0x00000000021d8450 code [0x00000000021d8580, 0x00000000021d85d8]
Event: 0.550 Thread 0x0000000007ff8800   76             com.android.dx.rop.type.Type::getType (2 bytes)
Event: 0.550 Thread 0x0000000007ff8800 nmethod 76 0x00000000021dd750 code [0x00000000021dd880, 0x00000000021dd8d8]
Event: 0.550 Thread 0x0000000007ff8800   77             com.android.dx.rop.code.RopMethod::calcPredecessors (227 bytes)

GC Heap History (0 events):
No events

Deoptimization events (1 events):
Event: 0.501 Thread 0x0000000009b3b000 Uncommon trap: reason=class_check action=maybe_recompile pc=0x00000000021d3bb4 method=com.android.dx.ssa.NormalSsaInsn.accept(Lcom/android/dx/ssa/SsaInsn$Visitor;)V @ 9

Internal exceptions (10 events):
Event: 0.388 Thread 0x0000000009aea000 Threw 0x00000000eb26a2d0 at C:\re\jdk7u51\527\hotspot\src\share\vm\prims\jvm.cpp:1244
Event: 0.388 Thread 0x0000000009aea000 Threw 0x00000000eb26f1a8 at C:\re\jdk7u51\527\hotspot\src\share\vm\prims\jvm.cpp:1244
Event: 0.389 Thread 0x0000000009aea000 Threw 0x00000000eb2744c8 at C:\re\jdk7u51\527\hotspot\src\share\vm\prims\jvm.cpp:1244
Event: 0.390 Thread 0x0000000009aea000 Threw 0x00000000eb277aa8 at C:\re\jdk7u51\527\hotspot\src\share\vm\prims\jvm.cpp:1244
Event: 0.393 Thread 0x0000000002060800 Threw 0x00000000eb2d85e0 at C:\re\jdk7u51\527\hotspot\src\share\vm\prims\jvm.cpp:1244
Event: 0.394 Thread 0x0000000009b63000 Threw 0x00000000eb1f56b8 at C:\re\jdk7u51\527\hotspot\src\share\vm\prims\jvm.cpp:1244
Event: 0.395 Thread 0x0000000009b63000 Threw 0x00000000eb1f9d80 at C:\re\jdk7u51\527\hotspot\src\share\vm\prims\jvm.cpp:1244
Event: 0.398 Thread 0x0000000009b3b000 Threw 0x00000000eb0ec558 at C:\re\jdk7u51\527\hotspot\src\share\vm\prims\jvm.cpp:1244
Event: 0.402 Thread 0x0000000009b3b000 Threw 0x00000000eb0f4320 at C:\re\jdk7u51\527\hotspot\src\share\vm\prims\jvm.cpp:1244
Event: 0.458 Thread 0x0000000002060800 Threw 0x00000000eb534158 at C:\re\jdk7u51\527\hotspot\src\share\vm\prims\jvm.cpp:1244

Events (10 events):
Event: 0.460 loading class 0x00000000020d63f0 done
Event: 0.501 Thread 0x0000000009b3b000 Uncommon trap: trap_request=0xffffffde fr.pc=0x00000000021d3bb4
Event: 0.501 Thread 0x0000000009b3b000 DEOPT PACKING pc=0x00000000021d3bb4 sp=0x000000000a26eba0
Event: 0.501 Thread 0x0000000009b3b000 DEOPT UNPACKING pc=0x00000000021975a4 sp=0x000000000a26eaf0 mode 2
Event: 0.531 loading class 0x00000000020d5570
Event: 0.531 loading class 0x00000000020d5570 done
Event: 0.537 loading class 0x00000000020d63c0
Event: 0.537 loading class 0x00000000020d63c0 done
Event: 0.537 loading class 0x00000000020d6390
Event: 0.537 loading class 0x00000000020d6390 done


Dynamic libraries:
0x00007ff7100d0000 - 0x00007ff710103000 	C:\Program Files\Java\jdk1.7.0_51\bin\java.exe
0x00007ffe859f0000 - 0x00007ffe85b9a000 	C:\WINDOWS\SYSTEM32\ntdll.dll
0x00007ffe82170000 - 0x00007ffe822aa000 	C:\WINDOWS\system32\KERNEL32.DLL
0x00007ffe6b680000 - 0x00007ffe6b6b2000 	C:\Program Files (x86)\AVG\Av\avghooka.dll
0x00007ffe81b10000 - 0x00007ffe81c1f000 	C:\WINDOWS\system32\KERNELBASE.dll
0x00007ffe80670000 - 0x00007ffe806f8000 	C:\WINDOWS\system32\apphelp.dll
0x00007ffe745d0000 - 0x00007ffe7461f000 	C:\WINDOWS\AppPatch\AppPatch64\AcGenral.DLL
0x00007ffe842e0000 - 0x00007ffe84387000 	C:\WINDOWS\system32\msvcrt.dll
0x00007ffe81880000 - 0x00007ffe818ab000 	C:\WINDOWS\SYSTEM32\SspiCli.dll
0x00007ffe83f10000 - 0x00007ffe83f61000 	C:\WINDOWS\system32\SHLWAPI.dll
0x00007ffe83f80000 - 0x00007ffe840f1000 	C:\WINDOWS\system32\USER32.dll
0x00007ffe843a0000 - 0x00007ffe84518000 	C:\WINDOWS\system32\ole32.dll
0x00007ffe82740000 - 0x00007ffe83b60000 	C:\WINDOWS\system32\SHELL32.dll
0x00007ffe81050000 - 0x00007ffe8106e000 	C:\WINDOWS\SYSTEM32\USERENV.dll
0x00007ffe82690000 - 0x00007ffe82735000 	C:\WINDOWS\system32\ADVAPI32.dll
0x00007ffe75bd0000 - 0x00007ffe75beb000 	C:\WINDOWS\SYSTEM32\MPR.dll
0x00007ffe84520000 - 0x00007ffe84657000 	C:\WINDOWS\system32\RPCRT4.dll
0x00007ffe84670000 - 0x00007ffe846c7000 	C:\WINDOWS\SYSTEM32\sechost.dll
0x00007ffe83c30000 - 0x00007ffe83e06000 	C:\WINDOWS\SYSTEM32\combase.dll
0x00007ffe82490000 - 0x00007ffe825d4000 	C:\WINDOWS\system32\GDI32.dll
0x00007ffe81a40000 - 0x00007ffe81a54000 	C:\WINDOWS\SYSTEM32\profapi.dll
0x00007ffe800a0000 - 0x00007ffe8013f000 	C:\WINDOWS\SYSTEM32\SHCORE.dll
0x00007ffe82450000 - 0x00007ffe82484000 	C:\WINDOWS\system32\IMM32.DLL
0x00007ffe82010000 - 0x00007ffe82149000 	C:\WINDOWS\system32\MSCTF.dll
0x00007ffe7f830000 - 0x00007ffe7fa8a000 	C:\WINDOWS\WinSxS\amd64_microsoft.windows.common-controls_6595b64144ccf1df_6.0.9600.17031_none_6242a4b3ecbb55a1\COMCTL32.dll
0x0000000062350000 - 0x0000000062422000 	C:\Program Files\Java\jdk1.7.0_51\jre\bin\msvcr100.dll
0x00000000627e0000 - 0x0000000062fa9000 	C:\Program Files\Java\jdk1.7.0_51\jre\bin\server\jvm.dll
0x00007ffe7b250000 - 0x00007ffe7b259000 	C:\WINDOWS\SYSTEM32\WSOCK32.dll
0x00007ffe7a420000 - 0x00007ffe7a43f000 	C:\WINDOWS\SYSTEM32\WINMM.dll
0x00007ffe83bc0000 - 0x00007ffe83bc7000 	C:\WINDOWS\system32\PSAPI.DLL
0x00007ffe83b60000 - 0x00007ffe83bb8000 	C:\WINDOWS\system32\WS2_32.dll
0x00007ffe7a3f0000 - 0x00007ffe7a41a000 	C:\WINDOWS\SYSTEM32\WINMMBASE.dll
0x00007ffe83f70000 - 0x00007ffe83f79000 	C:\WINDOWS\system32\NSI.dll
0x00007ffe81cd0000 - 0x00007ffe81d1a000 	C:\WINDOWS\SYSTEM32\cfgmgr32.dll
0x00007ffe808d0000 - 0x00007ffe808f6000 	C:\WINDOWS\SYSTEM32\DEVOBJ.dll
0x00000000627d0000 - 0x00000000627df000 	C:\Program Files\Java\jdk1.7.0_51\jre\bin\verify.dll
0x00000000627a0000 - 0x00000000627c8000 	C:\Program Files\Java\jdk1.7.0_51\jre\bin\java.dll
0x0000000062780000 - 0x0000000062795000 	C:\Program Files\Java\jdk1.7.0_51\jre\bin\zip.dll
0x0000000062760000 - 0x0000000062779000 	C:\Program Files\Java\jdk1.7.0_51\jre\bin\net.dll
0x00007ffe812a0000 - 0x00007ffe812f8000 	C:\WINDOWS\system32\mswsock.dll
0x0000000062740000 - 0x0000000062751000 	C:\Program Files\Java\jdk1.7.0_51\jre\bin\nio.dll

VM Arguments:
jvm_args: -Xmx1024M -Dfile.encoding=windows-1252 -Duser.country=US -Duser.language=en -Duser.variant 
java_command: com.android.dx.command.Main --dex --num-threads=4 --output E:\Show NearBy Places\app\build\intermediates\pre-dexed\debug\classes-3b8550d1adf286b2921b875c7daf608bae31af56.jar E:\Show NearBy Places\app\build\intermediates\exploded-aar\com.google.android.gms\play-services-appinvite\8.3.0\jars\classes.jar
Launcher Type: SUN_STANDARD

Environment Variables:
JAVA_HOME=C:\Program Files\Java\jdk1.7.0_51
CLASSPATH=D:\Sunbeam\Minor Projects\java\puzzle2009
PATH=C:\oraclexe\app\oracle\product\11.2.0\server\bin;;C:\WINDOWS\system32;C:\WINDOWS;C:\WINDOWS\System32\Wbem;C:\WINDOWS\System32\WindowsPowerShell\v1.0\;C:\Program Files\Microsoft SQL Server\110\Tools\Binn\;C:\Program Files\Microsoft\Web Platform Installer\;C:\Program Files (x86)\Microsoft ASP.NET\ASP.NET Web Pages\v1.0\;C:\Program Files (x86)\Windows Kits\8.0\Windows Performance Toolkit\;C:\Program Files (x86)\Microsoft SQL Server\100\Tools\Binn\;C:\Program Files\Microsoft SQL Server\100\Tools\Binn\;C:\Program Files\Microsoft SQL Server\100\DTS\Binn\;C:\Program Files\Java\jdk1.7.0_51\bin;C:\Program Files (x86)\Skype\Phone\;C:\Program Files (x86)\QuickTime\QTSystem\;
USERNAME=Amit
OS=Windows_NT
PROCESSOR_IDENTIFIER=Intel64 Family 6 Model 58 Stepping 9, GenuineIntel



---------------  S Y S T E M  ---------------

OS: Windows 8 , 64 bit Build 9200 

CPU:total 4 (2 cores per cpu, 2 threads per core) family 6 model 58 stepping 9, cmov, cx8, fxsr, mmx, sse, sse2, sse3, ssse3, sse4.1, sse4.2, popcnt, avx, aes, erms, ht, tsc, tscinvbit, tscinv

Memory: 4k page, physical 4087148k(737368k free), swap 7702892k(3516k free)

vm_info: Java HotSpot(TM) 64-Bit Server VM (24.51-b03) for windows-amd64 JRE (1.7.0_51-b13), built on Dec 18 2013 18:40:56 by "java_re" with unknown MS VC++:1600

time: Wed Apr 06 22:32:26 2016
elapsed time: 0 seconds

